#
# There is insufficient memory for the Java Runtime Environment to continue.
# Native memory allocation (malloc) failed to allocate 1585296 bytes for Chunk::new
# Possible reasons:
#   The system is out of physical RAM or swap space
#   The process is running with CompressedOops enabled, and the Java Heap may be blocking the growth of the native heap
# Possible solutions:
#   Reduce memory load on the system
#   Increase physical memory or swap space
#   Check if swap backing store is full
#   Decrease Java heap size (-Xmx/-Xms)
#   Decrease number of Java threads
#   Decrease Java thread stack sizes (-Xss)
#   Set larger code cache with -XX:ReservedCodeCacheSize=
#   JVM is running with Unscaled Compressed Oops mode in which the Java heap is
#     placed in the first 4GB address space. The Java Heap base address is the
#     maximum limit for the native heap growth. Please use -XX:HeapBaseMinAddress
#     to set the Java Heap base and to place the Java Heap above 4GB virtual address.
# This output file may be truncated or incomplete.
#
#  Out of Memory Error (./src/hotspot/share/memory/arena.cpp:197), pid=7116, tid=21820
#
# JRE version: OpenJDK Runtime Environment (11.0.12+7) (build 11.0.12+7-b1504.28-7817840)
# Java VM: OpenJDK 64-Bit Server VM (11.0.12+7-b1504.28-7817840, mixed mode, tiered, compressed oops, g1 gc, windows-amd64)
# No core dump will be written. Minidumps are not enabled by default on client versions of Windows
#

---------------  S U M M A R Y ------------

Command Line: --add-opens=java.base/java.util=ALL-UNNAMED --add-opens=java.base/java.lang=ALL-UNNAMED --add-opens=java.base/java.lang.invoke=ALL-UNNAMED --add-opens=java.base/java.util=ALL-UNNAMED --add-opens=java.prefs/java.util.prefs=ALL-UNNAMED --add-opens=java.prefs/java.util.prefs=ALL-UNNAMED --add-opens=java.base/java.nio.charset=ALL-UNNAMED --add-opens=java.base/java.net=ALL-UNNAMED --add-opens=java.base/java.util.concurrent.atomic=ALL-UNNAMED -Xmx2048m -Dfile.encoding=UTF-8 -Duser.country=US -Duser.language=en -Duser.variant org.gradle.launcher.daemon.bootstrap.GradleDaemon 7.3.3

Host: Intel(R) Core(TM) i5-7200U CPU @ 2.50GHz, 4 cores, 7G,  Windows 10 , 64 bit Build 19041 (10.0.19041.1706)
Time: Tue Jun 28 15:12:25 2022 Georgian Standard Time elapsed time: 2635.409443 seconds (0d 0h 43m 55s)

---------------  T H R E A D  ---------------

Current thread (0x000001e9f7f9c800):  JavaThread "C2 CompilerThread0" daemon [_thread_in_native, id=21820, stack(0x0000008743900000,0x0000008743a00000)]


Current CompileTask:
C2:2635409 17253       4       org.gradle.internal.snapshot.impl.DefaultValueSnapshotter::processValue (675 bytes)

Stack: [0x0000008743900000,0x0000008743a00000]
Native frames: (J=compiled Java code, j=interpreted, Vv=VM code, C=native code)
V  [jvm.dll+0x5fbcea]
V  [jvm.dll+0x731905]
V  [jvm.dll+0x732f1d]
V  [jvm.dll+0x7335d3]
V  [jvm.dll+0x247bf8]
V  [jvm.dll+0xc018c]
V  [jvm.dll+0xc06cc]
V  [jvm.dll+0x35b2db]
V  [jvm.dll+0x328803]
V  [jvm.dll+0x327cfa]
V  [jvm.dll+0x200602]
V  [jvm.dll+0x1ff794]
V  [jvm.dll+0x18868c]
V  [jvm.dll+0x20e0d7]
V  [jvm.dll+0x20c901]
V  [jvm.dll+0x6f9b7f]
V  [jvm.dll+0x6f26a5]
V  [jvm.dll+0x5fabf6]
C  [ucrtbase.dll+0x21bb2]
C  [KERNEL32.DLL+0x17034]
C  [ntdll.dll+0x52651]


---------------  P R O C E S S  ---------------

Threads class SMR info:
_java_thread_list=0x000001e9846df630, length=83, elements={
0x000001e9de387000, 0x000001e9f7f78000, 0x000001e9f7f79800, 0x000001e9f7f95000,
0x000001e9f7f97000, 0x000001e9f7f97800, 0x000001e9f7f9c800, 0x000001e9f7f9e800,
0x000001e9f7fb7000, 0x000001e9f8a47000, 0x000001e9fab74000, 0x000001e9fa285800,
0x000001e9f9ea3800, 0x000001e9fa1b3800, 0x000001e9fa1b2000, 0x000001e9fa1b3000,
0x000001e9fa1b0800, 0x000001e9fa1b6000, 0x000001e9fdc05000, 0x000001e9fdc07800,
0x000001e9fdc08000, 0x000001e9fdc09000, 0x000001e9fdc05800, 0x000001e9fe259800,
0x000001e9fe25e800, 0x000001e9fe25b000, 0x000001e9ffb8e000, 0x000001e9ffd5f800,
0x000001e9ffd64800, 0x000001e9ffd5e800, 0x000001e9ffd61000, 0x000001e9ffd62000,
0x000001e9ffd65000, 0x000001e9ffd62800, 0x000001e9ffd66000, 0x000001e9ffd60800,
0x000001e9ffd6c800, 0x000001e9ffd67000, 0x000001e9ffd6b800, 0x000001e9ffd69800,
0x000001e9ffd6d800, 0x000001e9ffd67800, 0x000001e9ffd6b000, 0x000001e9ffd68800,
0x000001e9ffd6a000, 0x000001e9fe254000, 0x000001e9fe254800, 0x000001e9fe255800,
0x000001e9fe251800, 0x000001e9fe253000, 0x000001e9fe258000, 0x000001e9fe256800,
0x000001e9fe257000, 0x000001e9fe252000, 0x000001e9fe25c000, 0x000001e9fe259000,
0x000001e9fe25d000, 0x000001e9fe25d800, 0x000001e9fe260000, 0x000001e9fe25a800,
0x000001e9fdc0b800, 0x000001e9fdc0c000, 0x000001e9fdc06800, 0x000001e9fdc10800,
0x000001e9fdc0f800, 0x000001e9fdc11000, 0x000001e9fdc12800, 0x000001e9fdc12000,
0x000001e9fdc0d000, 0x000001e9fdc13800, 0x000001e9fdc0e000, 0x000001e9fdc0e800,
0x000001e9ffb8f000, 0x000001e9ffb8d000, 0x000001e9ffb8f800, 0x000001e9ffb90800,
0x000001e9ffb91000, 0x000001e9ffb8c800, 0x000001e9ffb92000, 0x000001e9ffb93000,
0x000001e9fa1b4800, 0x000001e9fa1b5800, 0x000001e9fa1b7000
}

Java Threads: ( => current thread )
  0x000001e9de387000 JavaThread "main" [_thread_blocked, id=7452, stack(0x0000008742d00000,0x0000008742e00000)]
  0x000001e9f7f78000 JavaThread "Reference Handler" daemon [_thread_blocked, id=4624, stack(0x0000008743400000,0x0000008743500000)]
  0x000001e9f7f79800 JavaThread "Finalizer" daemon [_thread_blocked, id=5924, stack(0x0000008743500000,0x0000008743600000)]
  0x000001e9f7f95000 JavaThread "Signal Dispatcher" daemon [_thread_blocked, id=15168, stack(0x0000008743600000,0x0000008743700000)]
  0x000001e9f7f97000 JavaThread "Attach Listener" daemon [_thread_blocked, id=14480, stack(0x0000008743700000,0x0000008743800000)]
  0x000001e9f7f97800 JavaThread "Service Thread" daemon [_thread_blocked, id=13576, stack(0x0000008743800000,0x0000008743900000)]
=>0x000001e9f7f9c800 JavaThread "C2 CompilerThread0" daemon [_thread_in_native, id=21820, stack(0x0000008743900000,0x0000008743a00000)]
  0x000001e9f7f9e800 JavaThread "C1 CompilerThread0" daemon [_thread_blocked, id=12184, stack(0x0000008743a00000,0x0000008743b00000)]
  0x000001e9f7fb7000 JavaThread "Sweeper thread" daemon [_thread_blocked, id=21964, stack(0x0000008743b00000,0x0000008743c00000)]
  0x000001e9f8a47000 JavaThread "Common-Cleaner" daemon [_thread_blocked, id=16816, stack(0x0000008743c00000,0x0000008743d00000)]
  0x000001e9fab74000 JavaThread "Daemon health stats" [_thread_blocked, id=6020, stack(0x0000008744100000,0x0000008744200000)]
  0x000001e9fa285800 JavaThread "Incoming local TCP Connector on port 61578" [_thread_in_native, id=10204, stack(0x0000008743e00000,0x0000008743f00000)]
  0x000001e9f9ea3800 JavaThread "Daemon periodic checks" [_thread_blocked, id=8104, stack(0x0000008744200000,0x0000008744300000)]
  0x000001e9fa1b3800 JavaThread "Cache worker for journal cache (C:\Users\salom\.gradle\caches\journal-1)" [_thread_blocked, id=6712, stack(0x0000008744b00000,0x0000008744c00000)]
  0x000001e9fa1b2000 JavaThread "File lock request listener" [_thread_in_native, id=7444, stack(0x0000008744c00000,0x0000008744d00000)]
  0x000001e9fa1b3000 JavaThread "Cache worker for file hash cache (C:\Users\salom\.gradle\caches\7.3.3\fileHashes)" [_thread_blocked, id=8576, stack(0x0000008744d00000,0x0000008744e00000)]
  0x000001e9fa1b0800 JavaThread "File watcher server" daemon [_thread_in_native, id=15304, stack(0x0000008745000000,0x0000008745100000)]
  0x000001e9fa1b6000 JavaThread "File watcher consumer" daemon [_thread_blocked, id=13424, stack(0x0000008745100000,0x0000008745200000)]
  0x000001e9fdc05000 JavaThread "Cache worker for execution history cache (C:\Users\salom\.gradle\caches\7.3.3\executionHistory)" [_thread_blocked, id=11148, stack(0x0000008745500000,0x0000008745600000)]
  0x000001e9fdc07800 JavaThread "jar transforms" [_thread_blocked, id=11136, stack(0x0000008745600000,0x0000008745700000)]
  0x000001e9fdc08000 JavaThread "Cache worker for file content cache (C:\Users\salom\.gradle\caches\7.3.3\fileContent)" [_thread_blocked, id=7392, stack(0x0000008745700000,0x0000008745800000)]
  0x000001e9fdc09000 JavaThread "jar transforms Thread 2" [_thread_blocked, id=21684, stack(0x0000008745800000,0x0000008745900000)]
  0x000001e9fdc05800 JavaThread "jar transforms Thread 3" [_thread_blocked, id=6432, stack(0x0000008745a00000,0x0000008745b00000)]
  0x000001e9fe259800 JavaThread "jar transforms Thread 4" [_thread_blocked, id=15292, stack(0x0000008748400000,0x0000008748500000)]
  0x000001e9fe25e800 JavaThread "Memory manager" [_thread_blocked, id=12308, stack(0x0000008748500000,0x0000008748600000)]
  0x000001e9fe25b000 JavaThread "pool-3-thread-1" [_thread_blocked, id=120, stack(0x0000008748800000,0x0000008748900000)]
  0x000001e9ffb8e000 JavaThread "Cache worker for Java compile cache (C:\Users\salom\.gradle\caches\7.3.3\javaCompile)" [_thread_blocked, id=18936, stack(0x0000008748e00000,0x0000008748f00000)]
  0x000001e9ffd5f800 JavaThread "ForkJoinPool.commonPool-worker-3" daemon [_thread_blocked, id=17444, stack(0x0000008749800000,0x0000008749900000)]
  0x000001e9ffd64800 JavaThread "Daemon Thread 2" [_thread_blocked, id=19180, stack(0x0000008742a00000,0x0000008742b00000)]
  0x000001e9ffd5e800 JavaThread "Handler for socket connection from /127.0.0.1:61578 to /127.0.0.1:62446" [_thread_in_native, id=11400, stack(0x0000008742b00000,0x0000008742c00000)]
  0x000001e9ffd61000 JavaThread "Cancel handler" [_thread_blocked, id=9432, stack(0x0000008742c00000,0x0000008742d00000)]
  0x000001e9ffd62000 JavaThread "Daemon worker Thread 2" [_thread_in_Java, id=21480, stack(0x0000008744300000,0x0000008744400000)]
  0x000001e9ffd65000 JavaThread "Asynchronous log dispatcher for DefaultDaemonConnection: socket connection from /127.0.0.1:61578 to /127.0.0.1:62446" [_thread_blocked, id=19716, stack(0x0000008744400000,0x0000008744500000)]
  0x000001e9ffd62800 JavaThread "Stdin handler" [_thread_blocked, id=22108, stack(0x0000008744500000,0x0000008744600000)]
  0x000001e9ffd66000 JavaThread "Daemon client event forwarder" [_thread_blocked, id=21832, stack(0x0000008744600000,0x0000008744700000)]
  0x000001e9ffd60800 JavaThread "Cache worker for file hash cache (C:\Users\salom\AndroidStudioProjects\TbcTask5\.gradle\7.3.3\fileHashes)" [_thread_blocked, id=22512, stack(0x0000008744700000,0x0000008744800000)]
  0x000001e9ffd6c800 JavaThread "C2 CompilerThread1" daemon [_thread_in_native, id=21104, stack(0x0000008744800000,0x0000008744900000)]
  0x000001e9ffd67000 JavaThread "Cache worker for checksums cache (C:\Users\salom\AndroidStudioProjects\TbcTask5\.gradle\7.3.3\checksums)" [_thread_blocked, id=15848, stack(0x0000008744900000,0x0000008744a00000)]
  0x000001e9ffd6b800 JavaThread "Cache worker for cache directory md-supplier (C:\Users\salom\.gradle\caches\7.3.3\md-supplier)" [_thread_blocked, id=19624, stack(0x0000008744e00000,0x0000008744f00000)]
  0x000001e9ffd69800 JavaThread "Cache worker for cache directory md-rule (C:\Users\salom\.gradle\caches\7.3.3\md-rule)" [_thread_blocked, id=19048, stack(0x0000008744f00000,0x0000008745000000)]
  0x000001e9ffd6d800 JavaThread "Cache worker for dependencies-accessors (C:\Users\salom\AndroidStudioProjects\TbcTask5\.gradle\7.3.3\dependencies-accessors)" [_thread_blocked, id=15804, stack(0x0000008745200000,0x0000008745300000)]
  0x000001e9ffd67800 JavaThread "Cache worker for Build Output Cleanup Cache (C:\Users\salom\AndroidStudioProjects\TbcTask5\.gradle\buildOutputCleanup)" [_thread_blocked, id=14320, stack(0x0000008745300000,0x0000008745400000)]
  0x000001e9ffd6b000 JavaThread "Unconstrained build operations" [_thread_blocked, id=10808, stack(0x0000008745400000,0x0000008745500000)]
  0x000001e9ffd68800 JavaThread "Unconstrained build operations Thread 2" [_thread_blocked, id=16948, stack(0x0000008745900000,0x0000008745a00000)]
  0x000001e9ffd6a000 JavaThread "Unconstrained build operations Thread 3" [_thread_blocked, id=16084, stack(0x0000008745b00000,0x0000008745c00000)]
  0x000001e9fe254000 JavaThread "Unconstrained build operations Thread 4" [_thread_blocked, id=19844, stack(0x0000008745c00000,0x0000008745d00000)]
  0x000001e9fe254800 JavaThread "Unconstrained build operations Thread 5" [_thread_blocked, id=11316, stack(0x0000008745d00000,0x0000008745e00000)]
  0x000001e9fe255800 JavaThread "Unconstrained build operations Thread 6" [_thread_blocked, id=18864, stack(0x0000008745e00000,0x0000008745f00000)]
  0x000001e9fe251800 JavaThread "Unconstrained build operations Thread 7" [_thread_blocked, id=8068, stack(0x0000008745f00000,0x0000008746000000)]
  0x000001e9fe253000 JavaThread "Unconstrained build operations Thread 8" [_thread_blocked, id=13132, stack(0x0000008746000000,0x0000008746100000)]
  0x000001e9fe258000 JavaThread "Unconstrained build operations Thread 9" [_thread_blocked, id=3320, stack(0x0000008746100000,0x0000008746200000)]
  0x000001e9fe256800 JavaThread "Unconstrained build operations Thread 10" [_thread_blocked, id=8528, stack(0x0000008746200000,0x0000008746300000)]
  0x000001e9fe257000 JavaThread "Unconstrained build operations Thread 11" [_thread_blocked, id=416, stack(0x0000008746300000,0x0000008746400000)]
  0x000001e9fe252000 JavaThread "Unconstrained build operations Thread 12" [_thread_blocked, id=12384, stack(0x0000008746400000,0x0000008746500000)]
  0x000001e9fe25c000 JavaThread "Unconstrained build operations Thread 13" [_thread_blocked, id=3784, stack(0x0000008746500000,0x0000008746600000)]
  0x000001e9fe259000 JavaThread "Unconstrained build operations Thread 14" [_thread_blocked, id=9300, stack(0x0000008746600000,0x0000008746700000)]
  0x000001e9fe25d000 JavaThread "Unconstrained build operations Thread 15" [_thread_blocked, id=18188, stack(0x0000008746700000,0x0000008746800000)]
  0x000001e9fe25d800 JavaThread "Unconstrained build operations Thread 16" [_thread_blocked, id=6528, stack(0x0000008746800000,0x0000008746900000)]
  0x000001e9fe260000 JavaThread "Unconstrained build operations Thread 17" [_thread_blocked, id=21512, stack(0x0000008746900000,0x0000008746a00000)]
  0x000001e9fe25a800 JavaThread "Unconstrained build operations Thread 18" [_thread_blocked, id=12336, stack(0x0000008746a00000,0x0000008746b00000)]
  0x000001e9fdc0b800 JavaThread "Unconstrained build operations Thread 19" [_thread_blocked, id=17468, stack(0x0000008746b00000,0x0000008746c00000)]
  0x000001e9fdc0c000 JavaThread "Unconstrained build operations Thread 20" [_thread_blocked, id=8780, stack(0x0000008746c00000,0x0000008746d00000)]
  0x000001e9fdc06800 JavaThread "Unconstrained build operations Thread 21" [_thread_blocked, id=5328, stack(0x0000008746d00000,0x0000008746e00000)]
  0x000001e9fdc10800 JavaThread "Unconstrained build operations Thread 22" [_thread_blocked, id=5132, stack(0x0000008746e00000,0x0000008746f00000)]
  0x000001e9fdc0f800 JavaThread "Unconstrained build operations Thread 23" [_thread_blocked, id=20736, stack(0x0000008746f00000,0x0000008747000000)]
  0x000001e9fdc11000 JavaThread "Unconstrained build operations Thread 24" [_thread_blocked, id=11576, stack(0x0000008747000000,0x0000008747100000)]
  0x000001e9fdc12800 JavaThread "Unconstrained build operations Thread 25" [_thread_blocked, id=19944, stack(0x0000008747100000,0x0000008747200000)]
  0x000001e9fdc12000 JavaThread "Unconstrained build operations Thread 26" [_thread_blocked, id=7748, stack(0x0000008747200000,0x0000008747300000)]
  0x000001e9fdc0d000 JavaThread "Unconstrained build operations Thread 27" [_thread_blocked, id=11100, stack(0x0000008747300000,0x0000008747400000)]
  0x000001e9fdc13800 JavaThread "Unconstrained build operations Thread 28" [_thread_blocked, id=14256, stack(0x0000008747400000,0x0000008747500000)]
  0x000001e9fdc0e000 JavaThread "Unconstrained build operations Thread 29" [_thread_blocked, id=20632, stack(0x0000008747500000,0x0000008747600000)]
  0x000001e9fdc0e800 JavaThread "Unconstrained build operations Thread 30" [_thread_blocked, id=14232, stack(0x0000008747600000,0x0000008747700000)]
  0x000001e9ffb8f000 JavaThread "Unconstrained build operations Thread 31" [_thread_blocked, id=20684, stack(0x0000008747700000,0x0000008747800000)]
  0x000001e9ffb8d000 JavaThread "Unconstrained build operations Thread 32" [_thread_blocked, id=19020, stack(0x0000008747800000,0x0000008747900000)]
  0x000001e9ffb8f800 JavaThread "Unconstrained build operations Thread 33" [_thread_blocked, id=10836, stack(0x0000008747900000,0x0000008747a00000)]
  0x000001e9ffb90800 JavaThread "Unconstrained build operations Thread 34" [_thread_blocked, id=21668, stack(0x0000008747a00000,0x0000008747b00000)]
  0x000001e9ffb91000 JavaThread "Unconstrained build operations Thread 35" [_thread_blocked, id=19960, stack(0x0000008747b00000,0x0000008747c00000)]
  0x000001e9ffb8c800 JavaThread "Unconstrained build operations Thread 36" [_thread_blocked, id=21060, stack(0x0000008747c00000,0x0000008747d00000)]
  0x000001e9ffb92000 JavaThread "Unconstrained build operations Thread 37" [_thread_blocked, id=2040, stack(0x0000008747d00000,0x0000008747e00000)]
  0x000001e9ffb93000 JavaThread "Unconstrained build operations Thread 38" [_thread_blocked, id=18104, stack(0x0000008747e00000,0x0000008747f00000)]
  0x000001e9fa1b4800 JavaThread "Unconstrained build operations Thread 39" [_thread_blocked, id=14688, stack(0x0000008747f00000,0x0000008748000000)]
  0x000001e9fa1b5800 JavaThread "Unconstrained build operations Thread 40" [_thread_blocked, id=8624, stack(0x0000008748000000,0x0000008748100000)]
  0x000001e9fa1b7000 JavaThread "build event listener" [_thread_blocked, id=14592, stack(0x0000008748100000,0x0000008748200000)]

Other Threads:
  0x000001e9f7f73800 VMThread "VM Thread" [stack: 0x0000008743300000,0x0000008743400000] [id=17164]
  0x000001e9f8a58800 WatcherThread [stack: 0x0000008743d00000,0x0000008743e00000] [id=16452]
  0x000001e9de3a0000 GCTaskThread "GC Thread#0" [stack: 0x0000008742e00000,0x0000008742f00000] [id=1048]
  0x000001e9f9685000 GCTaskThread "GC Thread#1" [stack: 0x0000008743f00000,0x0000008744000000] [id=2180]
  0x000001e9f950f000 GCTaskThread "GC Thread#2" [stack: 0x0000008744000000,0x0000008744100000] [id=14360]
  0x000001e9fab95000 GCTaskThread "GC Thread#3" [stack: 0x0000008744a00000,0x0000008744b00000] [id=5640]
  0x000001e9de3d0800 ConcurrentGCThread "G1 Main Marker" [stack: 0x0000008742f00000,0x0000008743000000] [id=8752]
  0x000001e9de3d1800 ConcurrentGCThread "G1 Conc#0" [stack: 0x0000008743000000,0x0000008743100000] [id=13664]
  0x000001e9de45e000 ConcurrentGCThread "G1 Refine#0" [stack: 0x0000008743100000,0x0000008743200000] [id=16556]
  0x000001e9f7dc4800 ConcurrentGCThread "G1 Young RemSet Sampling" [stack: 0x0000008743200000,0x0000008743300000] [id=13692]

Threads with active compile tasks:
C2 CompilerThread02635456 17253       4       org.gradle.internal.snapshot.impl.DefaultValueSnapshotter::processValue (675 bytes)
C1 CompilerThread02635456 17366       3       org.gradle.api.internal.artifacts.configurations.DefaultConfiguration$ArtifactViewConfiguration::attributes (6 bytes)
C2 CompilerThread12635456 17361       4       com.google.common.collect.ImmutableMap::entrySet (5 bytes)

VM state:not at safepoint (normal execution)

VM Mutex/Monitor currently owned by a thread: None

Heap address: 0x0000000080000000, size: 2048 MB, Compressed Oops mode: 32-bit
Narrow klass base: 0x0000000000000000, Narrow klass shift: 3
Compressed class space size: 1073741824 Address: 0x0000000100000000

Heap:
 garbage-first heap   total 273408K, used 143071K [0x0000000080000000, 0x0000000100000000)
  region size 1024K, 34 young (34816K), 2 survivors (2048K)
 Metaspace       used 118899K, capacity 121925K, committed 122180K, reserved 1155072K
  class space    used 14983K, capacity 16137K, committed 16204K, reserved 1048576K
Heap Regions: E=young(eden), S=young(survivor), O=old, HS=humongous(starts), HC=humongous(continues), CS=collection set, F=free, A=archive, TAMS=top-at-mark-start (previous, next)
|   0|0x0000000080000000, 0x0000000080100000, 0x0000000080100000|100%| O|  |TAMS 0x0000000080100000, 0x0000000080000000| Untracked 
|   1|0x0000000080100000, 0x0000000080200000, 0x0000000080200000|100%| O|  |TAMS 0x0000000080200000, 0x0000000080100000| Untracked 
|   2|0x0000000080200000, 0x0000000080300000, 0x0000000080300000|100%| O|  |TAMS 0x0000000080300000, 0x0000000080200000| Untracked 
|   3|0x0000000080300000, 0x0000000080400000, 0x0000000080400000|100%|HS|  |TAMS 0x0000000080400000, 0x0000000080300000| Complete 
|   4|0x0000000080400000, 0x0000000080500000, 0x0000000080500000|100%|HC|  |TAMS 0x0000000080500000, 0x0000000080400000| Complete 
|   5|0x0000000080500000, 0x0000000080600000, 0x0000000080600000|100%|HC|  |TAMS 0x0000000080600000, 0x0000000080500000| Complete 
|   6|0x0000000080600000, 0x0000000080700000, 0x0000000080700000|100%| O|  |TAMS 0x0000000080700000, 0x0000000080600000| Untracked 
|   7|0x0000000080700000, 0x0000000080800000, 0x0000000080800000|100%| O|  |TAMS 0x0000000080800000, 0x0000000080700000| Untracked 
|   8|0x0000000080800000, 0x0000000080900000, 0x0000000080900000|100%| O|  |TAMS 0x0000000080900000, 0x0000000080800000| Untracked 
|   9|0x0000000080900000, 0x0000000080a00000, 0x0000000080a00000|100%| O|  |TAMS 0x0000000080a00000, 0x0000000080900000| Untracked 
|  10|0x0000000080a00000, 0x0000000080b00000, 0x0000000080b00000|100%| O|  |TAMS 0x0000000080b00000, 0x0000000080a00000| Untracked 
|  11|0x0000000080b00000, 0x0000000080c00000, 0x0000000080c00000|100%| O|  |TAMS 0x0000000080c00000, 0x0000000080b00000| Untracked 
|  12|0x0000000080c00000, 0x0000000080d00000, 0x0000000080d00000|100%| O|  |TAMS 0x0000000080d00000, 0x0000000080c00000| Untracked 
|  13|0x0000000080d00000, 0x0000000080e00000, 0x0000000080e00000|100%| O|  |TAMS 0x0000000080e00000, 0x0000000080d00000| Untracked 
|  14|0x0000000080e00000, 0x0000000080f00000, 0x0000000080f00000|100%| O|  |TAMS 0x0000000080f00000, 0x0000000080e00000| Untracked 
|  15|0x0000000080f00000, 0x0000000081000000, 0x0000000081000000|100%| O|  |TAMS 0x0000000081000000, 0x0000000080f00000| Untracked 
|  16|0x0000000081000000, 0x0000000081100000, 0x0000000081100000|100%|HS|  |TAMS 0x0000000081100000, 0x0000000081000000| Complete 
|  17|0x0000000081100000, 0x0000000081200000, 0x0000000081200000|100%| O|  |TAMS 0x0000000081200000, 0x0000000081100000| Untracked 
|  18|0x0000000081200000, 0x0000000081300000, 0x0000000081300000|100%| O|  |TAMS 0x0000000081300000, 0x0000000081200000| Untracked 
|  19|0x0000000081300000, 0x0000000081400000, 0x0000000081400000|100%| O|  |TAMS 0x0000000081400000, 0x0000000081300000| Untracked 
|  20|0x0000000081400000, 0x0000000081500000, 0x0000000081500000|100%| O|  |TAMS 0x0000000081500000, 0x0000000081400000| Untracked 
|  21|0x0000000081500000, 0x0000000081600000, 0x0000000081600000|100%| O|  |TAMS 0x0000000081600000, 0x0000000081500000| Untracked 
|  22|0x0000000081600000, 0x0000000081700000, 0x0000000081700000|100%| O|  |TAMS 0x0000000081700000, 0x0000000081600000| Untracked 
|  23|0x0000000081700000, 0x0000000081800000, 0x0000000081800000|100%| O|  |TAMS 0x0000000081800000, 0x0000000081700000| Untracked 
|  24|0x0000000081800000, 0x0000000081900000, 0x0000000081900000|100%| O|  |TAMS 0x0000000081900000, 0x0000000081800000| Untracked 
|  25|0x0000000081900000, 0x0000000081a00000, 0x0000000081a00000|100%| O|  |TAMS 0x0000000081a00000, 0x0000000081900000| Untracked 
|  26|0x0000000081a00000, 0x0000000081b00000, 0x0000000081b00000|100%| O|  |TAMS 0x0000000081b00000, 0x0000000081a00000| Untracked 
|  27|0x0000000081b00000, 0x0000000081c00000, 0x0000000081c00000|100%| O|  |TAMS 0x0000000081c00000, 0x0000000081b00000| Untracked 
|  28|0x0000000081c00000, 0x0000000081d00000, 0x0000000081d00000|100%|HS|  |TAMS 0x0000000081d00000, 0x0000000081c00000| Complete 
|  29|0x0000000081d00000, 0x0000000081e00000, 0x0000000081e00000|100%|HS|  |TAMS 0x0000000081e00000, 0x0000000081d00000| Complete 
|  30|0x0000000081e00000, 0x0000000081f00000, 0x0000000081f00000|100%|HS|  |TAMS 0x0000000081f00000, 0x0000000081e00000| Complete 
|  31|0x0000000081f00000, 0x0000000082000000, 0x0000000082000000|100%|HC|  |TAMS 0x0000000082000000, 0x0000000081f00000| Complete 
|  32|0x0000000082000000, 0x0000000082100000, 0x0000000082100000|100%|HC|  |TAMS 0x0000000082100000, 0x0000000082000000| Complete 
|  33|0x0000000082100000, 0x0000000082200000, 0x0000000082200000|100%|HS|  |TAMS 0x0000000082200000, 0x0000000082100000| Complete 
|  34|0x0000000082200000, 0x0000000082300000, 0x0000000082300000|100%|HC|  |TAMS 0x0000000082300000, 0x0000000082200000| Complete 
|  35|0x0000000082300000, 0x0000000082400000, 0x0000000082400000|100%| O|  |TAMS 0x0000000082400000, 0x0000000082300000| Untracked 
|  36|0x0000000082400000, 0x0000000082500000, 0x0000000082500000|100%| O|  |TAMS 0x0000000082500000, 0x0000000082400000| Untracked 
|  37|0x0000000082500000, 0x0000000082600000, 0x0000000082600000|100%| O|  |TAMS 0x0000000082600000, 0x0000000082500000| Untracked 
|  38|0x0000000082600000, 0x0000000082700000, 0x0000000082700000|100%| O|  |TAMS 0x0000000082700000, 0x0000000082600000| Untracked 
|  39|0x0000000082700000, 0x0000000082800000, 0x0000000082800000|100%| O|  |TAMS 0x0000000082800000, 0x0000000082700000| Untracked 
|  40|0x0000000082800000, 0x0000000082900000, 0x0000000082900000|100%| O|  |TAMS 0x0000000082900000, 0x0000000082800000| Untracked 
|  41|0x0000000082900000, 0x0000000082a00000, 0x0000000082a00000|100%| O|  |TAMS 0x0000000082a00000, 0x0000000082900000| Untracked 
|  42|0x0000000082a00000, 0x0000000082b00000, 0x0000000082b00000|100%| O|  |TAMS 0x0000000082b00000, 0x0000000082a00000| Untracked 
|  43|0x0000000082b00000, 0x0000000082c00000, 0x0000000082c00000|100%| O|  |TAMS 0x0000000082c00000, 0x0000000082b00000| Untracked 
|  44|0x0000000082c00000, 0x0000000082d00000, 0x0000000082d00000|100%| O|  |TAMS 0x0000000082d00000, 0x0000000082c00000| Untracked 
|  45|0x0000000082d00000, 0x0000000082e00000, 0x0000000082e00000|100%| O|  |TAMS 0x0000000082e00000, 0x0000000082d00000| Untracked 
|  46|0x0000000082e00000, 0x0000000082f00000, 0x0000000082f00000|100%| O|  |TAMS 0x0000000082f00000, 0x0000000082e00000| Untracked 
|  47|0x0000000082f00000, 0x0000000083000000, 0x0000000083000000|100%| O|  |TAMS 0x0000000083000000, 0x0000000082f00000| Untracked 
|  48|0x0000000083000000, 0x0000000083100000, 0x0000000083100000|100%| O|  |TAMS 0x0000000083100000, 0x0000000083000000| Untracked 
|  49|0x0000000083100000, 0x0000000083200000, 0x0000000083200000|100%| O|  |TAMS 0x0000000083200000, 0x0000000083100000| Untracked 
|  50|0x0000000083200000, 0x0000000083300000, 0x0000000083300000|100%| O|  |TAMS 0x0000000083300000, 0x0000000083200000| Untracked 
|  51|0x0000000083300000, 0x0000000083400000, 0x0000000083400000|100%| O|  |TAMS 0x0000000083400000, 0x0000000083300000| Untracked 
|  52|0x0000000083400000, 0x0000000083500000, 0x0000000083500000|100%| O|  |TAMS 0x0000000083500000, 0x0000000083400000| Untracked 
|  53|0x0000000083500000, 0x0000000083600000, 0x0000000083600000|100%| O|  |TAMS 0x0000000083600000, 0x0000000083500000| Untracked 
|  54|0x0000000083600000, 0x0000000083700000, 0x0000000083700000|100%| O|  |TAMS 0x0000000083700000, 0x0000000083600000| Untracked 
|  55|0x0000000083700000, 0x0000000083800000, 0x0000000083800000|100%| O|  |TAMS 0x0000000083800000, 0x0000000083700000| Untracked 
|  56|0x0000000083800000, 0x0000000083900000, 0x0000000083900000|100%| O|  |TAMS 0x0000000083900000, 0x0000000083800000| Untracked 
|  57|0x0000000083900000, 0x0000000083a00000, 0x0000000083a00000|100%| O|  |TAMS 0x0000000083a00000, 0x0000000083900000| Untracked 
|  58|0x0000000083a00000, 0x0000000083b00000, 0x0000000083b00000|100%| O|  |TAMS 0x0000000083b00000, 0x0000000083a00000| Untracked 
|  59|0x0000000083b00000, 0x0000000083c00000, 0x0000000083c00000|100%| O|  |TAMS 0x0000000083c00000, 0x0000000083b00000| Untracked 
|  60|0x0000000083c00000, 0x0000000083d00000, 0x0000000083d00000|100%| O|  |TAMS 0x0000000083d00000, 0x0000000083c00000| Untracked 
|  61|0x0000000083d00000, 0x0000000083e00000, 0x0000000083e00000|100%| O|  |TAMS 0x0000000083e00000, 0x0000000083d00000| Untracked 
|  62|0x0000000083e00000, 0x0000000083f00000, 0x0000000083f00000|100%| O|  |TAMS 0x0000000083f00000, 0x0000000083e00000| Untracked 
|  63|0x0000000083f00000, 0x0000000084000000, 0x0000000084000000|100%| O|  |TAMS 0x0000000084000000, 0x0000000083f00000| Untracked 
|  64|0x0000000084000000, 0x0000000084100000, 0x0000000084100000|100%| O|  |TAMS 0x0000000084100000, 0x0000000084000000| Untracked 
|  65|0x0000000084100000, 0x0000000084200000, 0x0000000084200000|100%| O|  |TAMS 0x0000000084200000, 0x0000000084100000| Untracked 
|  66|0x0000000084200000, 0x0000000084300000, 0x0000000084300000|100%| O|  |TAMS 0x0000000084300000, 0x0000000084200000| Untracked 
|  67|0x0000000084300000, 0x0000000084400000, 0x0000000084400000|100%| O|  |TAMS 0x0000000084400000, 0x0000000084300000| Untracked 
|  68|0x0000000084400000, 0x0000000084500000, 0x0000000084500000|100%| O|  |TAMS 0x0000000084500000, 0x0000000084400000| Untracked 
|  69|0x0000000084500000, 0x0000000084600000, 0x0000000084600000|100%| O|  |TAMS 0x0000000084600000, 0x0000000084500000| Untracked 
|  70|0x0000000084600000, 0x0000000084700000, 0x0000000084700000|100%| O|  |TAMS 0x0000000084700000, 0x0000000084600000| Untracked 
|  71|0x0000000084700000, 0x0000000084800000, 0x0000000084800000|100%| O|  |TAMS 0x0000000084800000, 0x0000000084700000| Untracked 
|  72|0x0000000084800000, 0x0000000084900000, 0x0000000084900000|100%| O|  |TAMS 0x0000000084900000, 0x0000000084800000| Untracked 
|  73|0x0000000084900000, 0x0000000084a00000, 0x0000000084a00000|100%| O|  |TAMS 0x0000000084a00000, 0x0000000084900000| Untracked 
|  74|0x0000000084a00000, 0x0000000084b00000, 0x0000000084b00000|100%| O|  |TAMS 0x0000000084b00000, 0x0000000084a00000| Untracked 
|  75|0x0000000084b00000, 0x0000000084c00000, 0x0000000084c00000|100%| O|  |TAMS 0x0000000084c00000, 0x0000000084b00000| Untracked 
|  76|0x0000000084c00000, 0x0000000084d00000, 0x0000000084d00000|100%| O|  |TAMS 0x0000000084d00000, 0x0000000084c00000| Untracked 
|  77|0x0000000084d00000, 0x0000000084e00000, 0x0000000084e00000|100%| O|  |TAMS 0x0000000084e00000, 0x0000000084d00000| Untracked 
|  78|0x0000000084e00000, 0x0000000084f00000, 0x0000000084f00000|100%| O|  |TAMS 0x0000000084f00000, 0x0000000084e00000| Untracked 
|  79|0x0000000084f00000, 0x0000000085000000, 0x0000000085000000|100%| O|  |TAMS 0x0000000085000000, 0x0000000084f00000| Untracked 
|  80|0x0000000085000000, 0x0000000085100000, 0x0000000085100000|100%| O|  |TAMS 0x0000000085100000, 0x0000000085000000| Untracked 
|  81|0x0000000085100000, 0x0000000085200000, 0x0000000085200000|100%| O|  |TAMS 0x0000000085200000, 0x0000000085100000| Untracked 
|  82|0x0000000085200000, 0x0000000085300000, 0x0000000085300000|100%| O|  |TAMS 0x0000000085200000, 0x0000000085200000| Untracked 
|  83|0x0000000085300000, 0x0000000085400000, 0x0000000085400000|100%| O|  |TAMS 0x0000000085400000, 0x0000000085300000| Untracked 
|  84|0x0000000085400000, 0x0000000085500000, 0x0000000085500000|100%| O|  |TAMS 0x0000000085500000, 0x0000000085400000| Untracked 
|  85|0x0000000085500000, 0x0000000085600000, 0x0000000085600000|100%| O|  |TAMS 0x0000000085600000, 0x0000000085500000| Untracked 
|  86|0x0000000085600000, 0x0000000085700000, 0x0000000085700000|100%| O|  |TAMS 0x0000000085700000, 0x0000000085600000| Untracked 
|  87|0x0000000085700000, 0x0000000085800000, 0x0000000085800000|100%| O|  |TAMS 0x0000000085800000, 0x0000000085700000| Untracked 
|  88|0x0000000085800000, 0x0000000085900000, 0x0000000085900000|100%| O|  |TAMS 0x0000000085900000, 0x0000000085800000| Untracked 
|  89|0x0000000085900000, 0x0000000085a00000, 0x0000000085a00000|100%| O|  |TAMS 0x0000000085a00000, 0x0000000085900000| Untracked 
|  90|0x0000000085a00000, 0x0000000085b00000, 0x0000000085b00000|100%| O|  |TAMS 0x0000000085b00000, 0x0000000085a00000| Untracked 
|  91|0x0000000085b00000, 0x0000000085c00000, 0x0000000085c00000|100%| O|  |TAMS 0x0000000085c00000, 0x0000000085b00000| Untracked 
|  92|0x0000000085c00000, 0x0000000085d00000, 0x0000000085d00000|100%| O|  |TAMS 0x0000000085d00000, 0x0000000085c00000| Untracked 
|  93|0x0000000085d00000, 0x0000000085e00000, 0x0000000085e00000|100%| O|  |TAMS 0x0000000085e00000, 0x0000000085d00000| Untracked 
|  94|0x0000000085e00000, 0x0000000085f00000, 0x0000000085f00000|100%| O|  |TAMS 0x0000000085f00000, 0x0000000085e00000| Untracked 
|  95|0x0000000085f00000, 0x0000000086000000, 0x0000000086000000|100%| O|  |TAMS 0x0000000086000000, 0x0000000085f00000| Untracked 
|  96|0x0000000086000000, 0x0000000086100000, 0x0000000086100000|100%| O|  |TAMS 0x0000000086100000, 0x0000000086000000| Untracked 
|  97|0x0000000086100000, 0x0000000086200000, 0x0000000086200000|100%| O|  |TAMS 0x0000000086200000, 0x0000000086100000| Untracked 
|  98|0x0000000086200000, 0x0000000086300000, 0x0000000086300000|100%| O|  |TAMS 0x0000000086300000, 0x0000000086200000| Untracked 
|  99|0x0000000086300000, 0x0000000086300000, 0x0000000086400000|  0%| F|  |TAMS 0x0000000086300000, 0x0000000086300000| Untracked 
| 100|0x0000000086400000, 0x0000000086500000, 0x0000000086500000|100%| O|  |TAMS 0x0000000086500000, 0x0000000086400000| Untracked 
| 101|0x0000000086500000, 0x00000000865ef400, 0x0000000086600000| 93%| O|  |TAMS 0x0000000086500000, 0x0000000086500000| Untracked 
| 102|0x0000000086600000, 0x0000000086600000, 0x0000000086700000|  0%| F|  |TAMS 0x0000000086600000, 0x0000000086600000| Untracked 
| 103|0x0000000086700000, 0x0000000086700000, 0x0000000086800000|  0%| F|  |TAMS 0x0000000086700000, 0x0000000086700000| Untracked 
| 104|0x0000000086800000, 0x0000000086800000, 0x0000000086900000|  0%| F|  |TAMS 0x0000000086800000, 0x0000000086800000| Untracked 
| 105|0x0000000086900000, 0x0000000086900000, 0x0000000086a00000|  0%| F|  |TAMS 0x0000000086900000, 0x0000000086900000| Untracked 
| 106|0x0000000086a00000, 0x0000000086a00000, 0x0000000086b00000|  0%| F|  |TAMS 0x0000000086a00000, 0x0000000086a00000| Untracked 
| 107|0x0000000086b00000, 0x0000000086c00000, 0x0000000086c00000|100%| O|  |TAMS 0x0000000086c00000, 0x0000000086b00000| Untracked 
| 108|0x0000000086c00000, 0x0000000086d00000, 0x0000000086d00000|100%| O|  |TAMS 0x0000000086d00000, 0x0000000086c00000| Untracked 
| 109|0x0000000086d00000, 0x0000000086e00000, 0x0000000086e00000|100%| O|  |TAMS 0x0000000086e00000, 0x0000000086d00000| Untracked 
| 110|0x0000000086e00000, 0x0000000086e00000, 0x0000000086f00000|  0%| F|  |TAMS 0x0000000086e00000, 0x0000000086e00000| Untracked 
| 111|0x0000000086f00000, 0x0000000086f00000, 0x0000000087000000|  0%| F|  |TAMS 0x0000000086f00000, 0x0000000086f00000| Untracked 
| 112|0x0000000087000000, 0x0000000087000000, 0x0000000087100000|  0%| F|  |TAMS 0x0000000087000000, 0x0000000087000000| Untracked 
| 113|0x0000000087100000, 0x0000000087100000, 0x0000000087200000|  0%| F|  |TAMS 0x0000000087100000, 0x0000000087100000| Untracked 
| 114|0x0000000087200000, 0x0000000087200000, 0x0000000087300000|  0%| F|  |TAMS 0x0000000087200000, 0x0000000087200000| Untracked 
| 115|0x0000000087300000, 0x0000000087300000, 0x0000000087400000|  0%| F|  |TAMS 0x0000000087300000, 0x0000000087300000| Untracked 
| 116|0x0000000087400000, 0x0000000087400000, 0x0000000087500000|  0%| F|  |TAMS 0x0000000087400000, 0x0000000087400000| Untracked 
| 117|0x0000000087500000, 0x0000000087500000, 0x0000000087600000|  0%| F|  |TAMS 0x0000000087500000, 0x0000000087500000| Untracked 
| 118|0x0000000087600000, 0x0000000087600000, 0x0000000087700000|  0%| F|  |TAMS 0x0000000087600000, 0x0000000087600000| Untracked 
| 119|0x0000000087700000, 0x0000000087700000, 0x0000000087800000|  0%| F|  |TAMS 0x0000000087700000, 0x0000000087700000| Untracked 
| 120|0x0000000087800000, 0x0000000087800000, 0x0000000087900000|  0%| F|  |TAMS 0x0000000087800000, 0x0000000087800000| Untracked 
| 121|0x0000000087900000, 0x0000000087a00000, 0x0000000087a00000|100%| O|  |TAMS 0x0000000087a00000, 0x0000000087900000| Untracked 
| 122|0x0000000087a00000, 0x0000000087b00000, 0x0000000087b00000|100%| O|  |TAMS 0x0000000087b00000, 0x0000000087a00000| Untracked 
| 123|0x0000000087b00000, 0x0000000087c00000, 0x0000000087c00000|100%| O|  |TAMS 0x0000000087b69a00, 0x0000000087b00000| Untracked 
| 124|0x0000000087c00000, 0x0000000087c00000, 0x0000000087d00000|  0%| F|  |TAMS 0x0000000087c00000, 0x0000000087c00000| Untracked 
| 125|0x0000000087d00000, 0x0000000087d00000, 0x0000000087e00000|  0%| F|  |TAMS 0x0000000087d00000, 0x0000000087d00000| Untracked 
| 126|0x0000000087e00000, 0x0000000087e00000, 0x0000000087f00000|  0%| F|  |TAMS 0x0000000087e00000, 0x0000000087e00000| Untracked 
| 127|0x0000000087f00000, 0x0000000087f00000, 0x0000000088000000|  0%| F|  |TAMS 0x0000000087f00000, 0x0000000087f00000| Untracked 
| 128|0x0000000088000000, 0x0000000088000000, 0x0000000088100000|  0%| F|  |TAMS 0x0000000088000000, 0x0000000088000000| Untracked 
| 129|0x0000000088100000, 0x0000000088100000, 0x0000000088200000|  0%| F|  |TAMS 0x0000000088100000, 0x0000000088100000| Untracked 
| 130|0x0000000088200000, 0x0000000088200000, 0x0000000088300000|  0%| F|  |TAMS 0x0000000088200000, 0x0000000088200000| Untracked 
| 131|0x0000000088300000, 0x0000000088300000, 0x0000000088400000|  0%| F|  |TAMS 0x0000000088300000, 0x0000000088300000| Untracked 
| 132|0x0000000088400000, 0x0000000088400000, 0x0000000088500000|  0%| F|  |TAMS 0x0000000088400000, 0x0000000088400000| Untracked 
| 133|0x0000000088500000, 0x0000000088500000, 0x0000000088600000|  0%| F|  |TAMS 0x0000000088500000, 0x0000000088500000| Untracked 
| 134|0x0000000088600000, 0x0000000088600000, 0x0000000088700000|  0%| F|  |TAMS 0x0000000088600000, 0x0000000088600000| Untracked 
| 135|0x0000000088700000, 0x0000000088700000, 0x0000000088800000|  0%| F|  |TAMS 0x0000000088700000, 0x0000000088700000| Untracked 
| 136|0x0000000088800000, 0x0000000088800000, 0x0000000088900000|  0%| F|  |TAMS 0x0000000088800000, 0x0000000088800000| Untracked 
| 137|0x0000000088900000, 0x0000000088900000, 0x0000000088a00000|  0%| F|  |TAMS 0x0000000088900000, 0x0000000088900000| Untracked 
| 138|0x0000000088a00000, 0x0000000088a00000, 0x0000000088b00000|  0%| F|  |TAMS 0x0000000088a00000, 0x0000000088a00000| Untracked 
| 139|0x0000000088b00000, 0x0000000088b00000, 0x0000000088c00000|  0%| F|  |TAMS 0x0000000088b00000, 0x0000000088b00000| Untracked 
| 140|0x0000000088c00000, 0x0000000088c00000, 0x0000000088d00000|  0%| F|  |TAMS 0x0000000088c00000, 0x0000000088c00000| Untracked 
| 141|0x0000000088d00000, 0x0000000088d00000, 0x0000000088e00000|  0%| F|  |TAMS 0x0000000088d00000, 0x0000000088d00000| Untracked 
| 142|0x0000000088e00000, 0x0000000088e00000, 0x0000000088f00000|  0%| F|  |TAMS 0x0000000088e00000, 0x0000000088e00000| Untracked 
| 143|0x0000000088f00000, 0x0000000088f00000, 0x0000000089000000|  0%| F|  |TAMS 0x0000000088f00000, 0x0000000088f00000| Untracked 
| 144|0x0000000089000000, 0x0000000089000000, 0x0000000089100000|  0%| F|  |TAMS 0x0000000089000000, 0x0000000089000000| Untracked 
| 145|0x0000000089100000, 0x0000000089100000, 0x0000000089200000|  0%| F|  |TAMS 0x0000000089100000, 0x0000000089100000| Untracked 
| 146|0x0000000089200000, 0x0000000089200000, 0x0000000089300000|  0%| F|  |TAMS 0x0000000089200000, 0x0000000089200000| Untracked 
| 147|0x0000000089300000, 0x0000000089300000, 0x0000000089400000|  0%| F|  |TAMS 0x0000000089300000, 0x0000000089300000| Untracked 
| 148|0x0000000089400000, 0x0000000089400000, 0x0000000089500000|  0%| F|  |TAMS 0x0000000089400000, 0x0000000089400000| Untracked 
| 149|0x0000000089500000, 0x0000000089500000, 0x0000000089600000|  0%| F|  |TAMS 0x0000000089500000, 0x0000000089500000| Untracked 
| 150|0x0000000089600000, 0x0000000089600000, 0x0000000089700000|  0%| F|  |TAMS 0x0000000089600000, 0x0000000089600000| Untracked 
| 151|0x0000000089700000, 0x0000000089700000, 0x0000000089800000|  0%| F|  |TAMS 0x0000000089700000, 0x0000000089700000| Untracked 
| 152|0x0000000089800000, 0x0000000089800000, 0x0000000089900000|  0%| F|  |TAMS 0x0000000089800000, 0x0000000089800000| Untracked 
| 153|0x0000000089900000, 0x0000000089900000, 0x0000000089a00000|  0%| F|  |TAMS 0x0000000089900000, 0x0000000089900000| Untracked 
| 154|0x0000000089a00000, 0x0000000089a00000, 0x0000000089b00000|  0%| F|  |TAMS 0x0000000089a00000, 0x0000000089a00000| Untracked 
| 155|0x0000000089b00000, 0x0000000089b00000, 0x0000000089c00000|  0%| F|  |TAMS 0x0000000089b00000, 0x0000000089b00000| Untracked 
| 156|0x0000000089c00000, 0x0000000089c00000, 0x0000000089d00000|  0%| F|  |TAMS 0x0000000089c00000, 0x0000000089c00000| Untracked 
| 157|0x0000000089d00000, 0x0000000089d00000, 0x0000000089e00000|  0%| F|  |TAMS 0x0000000089d00000, 0x0000000089d00000| Untracked 
| 158|0x0000000089e00000, 0x0000000089e00000, 0x0000000089f00000|  0%| F|  |TAMS 0x0000000089e00000, 0x0000000089e00000| Untracked 
| 159|0x0000000089f00000, 0x0000000089f00000, 0x000000008a000000|  0%| F|  |TAMS 0x0000000089f00000, 0x0000000089f00000| Untracked 
| 160|0x000000008a000000, 0x000000008a000000, 0x000000008a100000|  0%| F|  |TAMS 0x000000008a000000, 0x000000008a000000| Untracked 
| 161|0x000000008a100000, 0x000000008a100000, 0x000000008a200000|  0%| F|  |TAMS 0x000000008a100000, 0x000000008a100000| Untracked 
| 162|0x000000008a200000, 0x000000008a200000, 0x000000008a300000|  0%| F|  |TAMS 0x000000008a200000, 0x000000008a200000| Untracked 
| 163|0x000000008a300000, 0x000000008a300000, 0x000000008a400000|  0%| F|  |TAMS 0x000000008a300000, 0x000000008a300000| Untracked 
| 164|0x000000008a400000, 0x000000008a400000, 0x000000008a500000|  0%| F|  |TAMS 0x000000008a400000, 0x000000008a400000| Untracked 
| 165|0x000000008a500000, 0x000000008a500000, 0x000000008a600000|  0%| F|  |TAMS 0x000000008a500000, 0x000000008a500000| Untracked 
| 166|0x000000008a600000, 0x000000008a600000, 0x000000008a700000|  0%| F|  |TAMS 0x000000008a600000, 0x000000008a600000| Untracked 
| 167|0x000000008a700000, 0x000000008a700000, 0x000000008a800000|  0%| F|  |TAMS 0x000000008a700000, 0x000000008a700000| Untracked 
| 168|0x000000008a800000, 0x000000008a800000, 0x000000008a900000|  0%| F|  |TAMS 0x000000008a800000, 0x000000008a800000| Untracked 
| 169|0x000000008a900000, 0x000000008a900000, 0x000000008aa00000|  0%| F|  |TAMS 0x000000008a900000, 0x000000008a900000| Untracked 
| 170|0x000000008aa00000, 0x000000008aa00000, 0x000000008ab00000|  0%| F|  |TAMS 0x000000008aa00000, 0x000000008aa00000| Untracked 
| 171|0x000000008ab00000, 0x000000008ab00000, 0x000000008ac00000|  0%| F|  |TAMS 0x000000008ab00000, 0x000000008ab00000| Untracked 
| 172|0x000000008ac00000, 0x000000008ac00000, 0x000000008ad00000|  0%| F|  |TAMS 0x000000008ac00000, 0x000000008ac00000| Untracked 
| 173|0x000000008ad00000, 0x000000008ad00000, 0x000000008ae00000|  0%| F|  |TAMS 0x000000008ad00000, 0x000000008ad00000| Untracked 
| 174|0x000000008ae00000, 0x000000008ae00000, 0x000000008af00000|  0%| F|  |TAMS 0x000000008ae00000, 0x000000008ae00000| Untracked 
| 175|0x000000008af00000, 0x000000008af00000, 0x000000008b000000|  0%| F|  |TAMS 0x000000008af00000, 0x000000008af00000| Untracked 
| 176|0x000000008b000000, 0x000000008b000000, 0x000000008b100000|  0%| F|  |TAMS 0x000000008b000000, 0x000000008b000000| Untracked 
| 177|0x000000008b100000, 0x000000008b100000, 0x000000008b200000|  0%| F|  |TAMS 0x000000008b100000, 0x000000008b100000| Untracked 
| 178|0x000000008b200000, 0x000000008b200000, 0x000000008b300000|  0%| F|  |TAMS 0x000000008b200000, 0x000000008b200000| Untracked 
| 179|0x000000008b300000, 0x000000008b300000, 0x000000008b400000|  0%| F|  |TAMS 0x000000008b300000, 0x000000008b300000| Untracked 
| 180|0x000000008b400000, 0x000000008b400000, 0x000000008b500000|  0%| F|  |TAMS 0x000000008b400000, 0x000000008b400000| Untracked 
| 181|0x000000008b500000, 0x000000008b500000, 0x000000008b600000|  0%| F|  |TAMS 0x000000008b500000, 0x000000008b500000| Untracked 
| 182|0x000000008b600000, 0x000000008b600000, 0x000000008b700000|  0%| F|  |TAMS 0x000000008b600000, 0x000000008b600000| Untracked 
| 183|0x000000008b700000, 0x000000008b700000, 0x000000008b800000|  0%| F|  |TAMS 0x000000008b700000, 0x000000008b700000| Untracked 
| 184|0x000000008b800000, 0x000000008b800000, 0x000000008b900000|  0%| F|  |TAMS 0x000000008b800000, 0x000000008b800000| Untracked 
| 185|0x000000008b900000, 0x000000008b900000, 0x000000008ba00000|  0%| F|  |TAMS 0x000000008b900000, 0x000000008b900000| Untracked 
| 186|0x000000008ba00000, 0x000000008ba00000, 0x000000008bb00000|  0%| F|  |TAMS 0x000000008ba00000, 0x000000008ba00000| Untracked 
| 187|0x000000008bb00000, 0x000000008bb00000, 0x000000008bc00000|  0%| F|  |TAMS 0x000000008bb00000, 0x000000008bb00000| Untracked 
| 188|0x000000008bc00000, 0x000000008bc00000, 0x000000008bd00000|  0%| F|  |TAMS 0x000000008bc00000, 0x000000008bc00000| Untracked 
| 189|0x000000008bd00000, 0x000000008bd00000, 0x000000008be00000|  0%| F|  |TAMS 0x000000008bd00000, 0x000000008bd00000| Untracked 
| 190|0x000000008be00000, 0x000000008be00000, 0x000000008bf00000|  0%| F|  |TAMS 0x000000008be00000, 0x000000008be00000| Untracked 
| 191|0x000000008bf00000, 0x000000008bf00000, 0x000000008c000000|  0%| F|  |TAMS 0x000000008bf00000, 0x000000008bf00000| Untracked 
| 192|0x000000008c000000, 0x000000008c000000, 0x000000008c100000|  0%| F|  |TAMS 0x000000008c000000, 0x000000008c000000| Untracked 
| 193|0x000000008c100000, 0x000000008c100000, 0x000000008c200000|  0%| F|  |TAMS 0x000000008c100000, 0x000000008c100000| Untracked 
| 194|0x000000008c200000, 0x000000008c200000, 0x000000008c300000|  0%| F|  |TAMS 0x000000008c200000, 0x000000008c200000| Untracked 
| 195|0x000000008c300000, 0x000000008c300000, 0x000000008c400000|  0%| F|  |TAMS 0x000000008c300000, 0x000000008c300000| Untracked 
| 196|0x000000008c400000, 0x000000008c400000, 0x000000008c500000|  0%| F|  |TAMS 0x000000008c400000, 0x000000008c400000| Untracked 
| 197|0x000000008c500000, 0x000000008c500000, 0x000000008c600000|  0%| F|  |TAMS 0x000000008c500000, 0x000000008c500000| Untracked 
| 198|0x000000008c600000, 0x000000008c600000, 0x000000008c700000|  0%| F|  |TAMS 0x000000008c600000, 0x000000008c600000| Untracked 
| 199|0x000000008c700000, 0x000000008c700000, 0x000000008c800000|  0%| F|  |TAMS 0x000000008c700000, 0x000000008c700000| Untracked 
| 200|0x000000008c800000, 0x000000008c800000, 0x000000008c900000|  0%| F|  |TAMS 0x000000008c800000, 0x000000008c800000| Untracked 
| 201|0x000000008c900000, 0x000000008c900000, 0x000000008ca00000|  0%| F|  |TAMS 0x000000008c900000, 0x000000008c900000| Untracked 
| 202|0x000000008ca00000, 0x000000008ca00000, 0x000000008cb00000|  0%| F|  |TAMS 0x000000008ca00000, 0x000000008ca00000| Untracked 
| 203|0x000000008cb00000, 0x000000008cb00000, 0x000000008cc00000|  0%| F|  |TAMS 0x000000008cb00000, 0x000000008cb00000| Untracked 
| 204|0x000000008cc00000, 0x000000008cc00000, 0x000000008cd00000|  0%| F|  |TAMS 0x000000008cc00000, 0x000000008cc00000| Untracked 
| 205|0x000000008cd00000, 0x000000008cd00000, 0x000000008ce00000|  0%| F|  |TAMS 0x000000008cd00000, 0x000000008cd00000| Untracked 
| 206|0x000000008ce00000, 0x000000008ce00000, 0x000000008cf00000|  0%| F|  |TAMS 0x000000008ce00000, 0x000000008ce00000| Untracked 
| 207|0x000000008cf00000, 0x000000008cf00000, 0x000000008d000000|  0%| F|  |TAMS 0x000000008cf00000, 0x000000008cf00000| Untracked 
| 208|0x000000008d000000, 0x000000008d000000, 0x000000008d100000|  0%| F|  |TAMS 0x000000008d000000, 0x000000008d000000| Untracked 
| 209|0x000000008d100000, 0x000000008d100000, 0x000000008d200000|  0%| F|  |TAMS 0x000000008d100000, 0x000000008d100000| Untracked 
| 210|0x000000008d200000, 0x000000008d200000, 0x000000008d300000|  0%| F|  |TAMS 0x000000008d200000, 0x000000008d200000| Untracked 
| 211|0x000000008d300000, 0x000000008d300000, 0x000000008d400000|  0%| F|  |TAMS 0x000000008d300000, 0x000000008d300000| Untracked 
| 212|0x000000008d400000, 0x000000008d400000, 0x000000008d500000|  0%| F|  |TAMS 0x000000008d400000, 0x000000008d400000| Untracked 
| 213|0x000000008d500000, 0x000000008d500000, 0x000000008d600000|  0%| F|  |TAMS 0x000000008d500000, 0x000000008d500000| Untracked 
| 214|0x000000008d600000, 0x000000008d600000, 0x000000008d700000|  0%| F|  |TAMS 0x000000008d600000, 0x000000008d600000| Untracked 
| 215|0x000000008d700000, 0x000000008d700000, 0x000000008d800000|  0%| F|  |TAMS 0x000000008d700000, 0x000000008d700000| Untracked 
| 216|0x000000008d800000, 0x000000008d800000, 0x000000008d900000|  0%| F|  |TAMS 0x000000008d800000, 0x000000008d800000| Untracked 
| 217|0x000000008d900000, 0x000000008d900000, 0x000000008da00000|  0%| F|  |TAMS 0x000000008d900000, 0x000000008d900000| Untracked 
| 218|0x000000008da00000, 0x000000008da00000, 0x000000008db00000|  0%| F|  |TAMS 0x000000008da00000, 0x000000008da00000| Untracked 
| 219|0x000000008db00000, 0x000000008db00000, 0x000000008dc00000|  0%| F|  |TAMS 0x000000008db00000, 0x000000008db00000| Untracked 
| 220|0x000000008dc00000, 0x000000008dc00000, 0x000000008dd00000|  0%| F|  |TAMS 0x000000008dc00000, 0x000000008dc00000| Untracked 
| 221|0x000000008dd00000, 0x000000008dd00000, 0x000000008de00000|  0%| F|  |TAMS 0x000000008dd00000, 0x000000008dd00000| Untracked 
| 222|0x000000008de00000, 0x000000008de00000, 0x000000008df00000|  0%| F|  |TAMS 0x000000008de00000, 0x000000008de00000| Untracked 
| 223|0x000000008df00000, 0x000000008df00000, 0x000000008e000000|  0%| F|  |TAMS 0x000000008df00000, 0x000000008df00000| Untracked 
| 224|0x000000008e000000, 0x000000008e000000, 0x000000008e100000|  0%| F|  |TAMS 0x000000008e000000, 0x000000008e000000| Untracked 
| 225|0x000000008e100000, 0x000000008e100000, 0x000000008e200000|  0%| F|  |TAMS 0x000000008e100000, 0x000000008e100000| Untracked 
| 226|0x000000008e200000, 0x000000008e200000, 0x000000008e300000|  0%| F|  |TAMS 0x000000008e200000, 0x000000008e200000| Untracked 
| 227|0x000000008e300000, 0x000000008e300000, 0x000000008e400000|  0%| F|  |TAMS 0x000000008e300000, 0x000000008e300000| Untracked 
| 228|0x000000008e400000, 0x000000008e400000, 0x000000008e500000|  0%| F|  |TAMS 0x000000008e400000, 0x000000008e400000| Untracked 
| 229|0x000000008e500000, 0x000000008e500000, 0x000000008e600000|  0%| F|  |TAMS 0x000000008e500000, 0x000000008e500000| Untracked 
| 230|0x000000008e600000, 0x000000008e600000, 0x000000008e700000|  0%| F|  |TAMS 0x000000008e600000, 0x000000008e600000| Untracked 
| 231|0x000000008e700000, 0x000000008e700000, 0x000000008e800000|  0%| F|  |TAMS 0x000000008e700000, 0x000000008e700000| Untracked 
| 232|0x000000008e800000, 0x000000008e800000, 0x000000008e900000|  0%| F|  |TAMS 0x000000008e800000, 0x000000008e800000| Untracked 
| 233|0x000000008e900000, 0x000000008e980800, 0x000000008ea00000| 50%| E|  |TAMS 0x000000008e900000, 0x000000008e900000| Complete 
| 234|0x000000008ea00000, 0x000000008eb00000, 0x000000008eb00000|100%| E|CS|TAMS 0x000000008ea00000, 0x000000008ea00000| Complete 
| 235|0x000000008eb00000, 0x000000008ec00000, 0x000000008ec00000|100%| E|CS|TAMS 0x000000008eb00000, 0x000000008eb00000| Complete 
| 236|0x000000008ec00000, 0x000000008ed00000, 0x000000008ed00000|100%| E|CS|TAMS 0x000000008ec00000, 0x000000008ec00000| Complete 
| 237|0x000000008ed00000, 0x000000008ee00000, 0x000000008ee00000|100%| E|CS|TAMS 0x000000008ed00000, 0x000000008ed00000| Complete 
| 238|0x000000008ee00000, 0x000000008ef00000, 0x000000008ef00000|100%| E|CS|TAMS 0x000000008ee00000, 0x000000008ee00000| Complete 
| 239|0x000000008ef00000, 0x000000008f000000, 0x000000008f000000|100%| E|CS|TAMS 0x000000008ef00000, 0x000000008ef00000| Complete 
| 240|0x000000008f000000, 0x000000008f100000, 0x000000008f100000|100%| E|CS|TAMS 0x000000008f000000, 0x000000008f000000| Complete 
| 241|0x000000008f100000, 0x000000008f200000, 0x000000008f200000|100%| E|CS|TAMS 0x000000008f100000, 0x000000008f100000| Complete 
| 242|0x000000008f200000, 0x000000008f300000, 0x000000008f300000|100%| E|CS|TAMS 0x000000008f200000, 0x000000008f200000| Complete 
| 243|0x000000008f300000, 0x000000008f400000, 0x000000008f400000|100%| E|CS|TAMS 0x000000008f300000, 0x000000008f300000| Complete 
| 244|0x000000008f400000, 0x000000008f500000, 0x000000008f500000|100%| E|CS|TAMS 0x000000008f400000, 0x000000008f400000| Complete 
| 245|0x000000008f500000, 0x000000008f600000, 0x000000008f600000|100%| E|CS|TAMS 0x000000008f500000, 0x000000008f500000| Complete 
| 246|0x000000008f600000, 0x000000008f700000, 0x000000008f700000|100%| E|CS|TAMS 0x000000008f600000, 0x000000008f600000| Complete 
| 247|0x000000008f700000, 0x000000008f800000, 0x000000008f800000|100%| E|CS|TAMS 0x000000008f700000, 0x000000008f700000| Complete 
| 248|0x000000008f800000, 0x000000008f900000, 0x000000008f900000|100%| E|CS|TAMS 0x000000008f800000, 0x000000008f800000| Complete 
| 249|0x000000008f900000, 0x000000008fa00000, 0x000000008fa00000|100%| E|CS|TAMS 0x000000008f900000, 0x000000008f900000| Complete 
| 250|0x000000008fa00000, 0x000000008fb00000, 0x000000008fb00000|100%| E|CS|TAMS 0x000000008fa00000, 0x000000008fa00000| Complete 
| 251|0x000000008fb00000, 0x000000008fc00000, 0x000000008fc00000|100%| E|CS|TAMS 0x000000008fb00000, 0x000000008fb00000| Complete 
| 252|0x000000008fc00000, 0x000000008fd00000, 0x000000008fd00000|100%| E|CS|TAMS 0x000000008fc00000, 0x000000008fc00000| Complete 
| 253|0x000000008fd00000, 0x000000008fe00000, 0x000000008fe00000|100%| E|CS|TAMS 0x000000008fd00000, 0x000000008fd00000| Complete 
| 254|0x000000008fe00000, 0x000000008ff00000, 0x000000008ff00000|100%| E|CS|TAMS 0x000000008fe00000, 0x000000008fe00000| Complete 
| 255|0x000000008ff00000, 0x0000000090000000, 0x0000000090000000|100%| E|CS|TAMS 0x000000008ff00000, 0x000000008ff00000| Complete 
| 256|0x0000000090000000, 0x00000000900c89d8, 0x0000000090100000| 78%| S|CS|TAMS 0x0000000090000000, 0x0000000090000000| Complete 
| 257|0x0000000090100000, 0x0000000090200000, 0x0000000090200000|100%| S|CS|TAMS 0x0000000090100000, 0x0000000090100000| Complete 
| 258|0x0000000090200000, 0x0000000090300000, 0x0000000090300000|100%| E|CS|TAMS 0x0000000090200000, 0x0000000090200000| Complete 
| 259|0x0000000090300000, 0x0000000090400000, 0x0000000090400000|100%| E|CS|TAMS 0x0000000090300000, 0x0000000090300000| Complete 
| 260|0x0000000090400000, 0x0000000090500000, 0x0000000090500000|100%| E|CS|TAMS 0x0000000090400000, 0x0000000090400000| Complete 
| 261|0x0000000090500000, 0x0000000090600000, 0x0000000090600000|100%| E|CS|TAMS 0x0000000090500000, 0x0000000090500000| Complete 
| 262|0x0000000090600000, 0x0000000090700000, 0x0000000090700000|100%| E|CS|TAMS 0x0000000090600000, 0x0000000090600000| Complete 
| 263|0x0000000090700000, 0x0000000090800000, 0x0000000090800000|100%| E|CS|TAMS 0x0000000090700000, 0x0000000090700000| Complete 
| 264|0x0000000090800000, 0x0000000090900000, 0x0000000090900000|100%| E|CS|TAMS 0x0000000090800000, 0x0000000090800000| Complete 
| 265|0x0000000090900000, 0x0000000090a00000, 0x0000000090a00000|100%| E|CS|TAMS 0x0000000090900000, 0x0000000090900000| Complete 
| 266|0x0000000090a00000, 0x0000000090b00000, 0x0000000090b00000|100%| E|CS|TAMS 0x0000000090a00000, 0x0000000090a00000| Complete 

Card table byte_map: [0x000001e9f1290000,0x000001e9f1690000] _byte_map_base: 0x000001e9f0e90000

Marking Bits (Prev, Next): (CMBitMap*) 0x000001e9de3c77e8, (CMBitMap*) 0x000001e9de3c7820
 Prev Bits: [0x000001e9f1a90000, 0x000001e9f3a90000)
 Next Bits: [0x000001e9f3a90000, 0x000001e9f5a90000)

Polling page: 0x000001e9dc270000

Metaspace:

Usage:
  Non-class:    103.31 MB capacity,   101.49 MB ( 98%) used,     1.45 MB (  1%) free+waste,   372.13 KB ( <1%) overhead. 
      Class:     15.76 MB capacity,    14.63 MB ( 93%) used,   989.55 KB (  6%) free+waste,   163.94 KB (  1%) overhead. 
       Both:    119.07 MB capacity,   116.12 MB ( 98%) used,     2.42 MB (  2%) free+waste,   536.06 KB ( <1%) overhead. 

Virtual space:
  Non-class space:      104.00 MB reserved,     103.49 MB (>99%) committed 
      Class space:        1.00 GB reserved,      15.82 MB (  2%) committed 
             Both:        1.10 GB reserved,     119.32 MB ( 11%) committed 

Chunk freelists:
   Non-Class:  60.00 KB
       Class:  23.00 KB
        Both:  83.00 KB

MaxMetaspaceSize: 17179869184.00 GB
CompressedClassSpaceSize: 1.00 GB
Initial GC threshold: 20.80 MB
Current GC threshold: 190.95 MB
CDS: off

CodeHeap 'non-profiled nmethods': size=120064Kb used=10794Kb max_used=10794Kb free=109270Kb
 bounds [0x000001e9e9950000, 0x000001e9ea3e0000, 0x000001e9f0e90000]
CodeHeap 'profiled nmethods': size=120000Kb used=39744Kb max_used=39744Kb free=80255Kb
 bounds [0x000001e9e2420000, 0x000001e9e4b00000, 0x000001e9e9950000]
CodeHeap 'non-nmethods': size=5696Kb used=2444Kb max_used=2501Kb free=3251Kb
 bounds [0x000001e9e1e90000, 0x000001e9e2110000, 0x000001e9e2420000]
 total_blobs=18157 nmethods=17187 adapters=881
 compilation: enabled
              stopped_count=0, restarted_count=0
 full_count=0

Compilation events (20 events):
Event: 2635.383 Thread 0x000001e9ffd6c800 17305       4       kotlin.text.StringsKt__StringsJVMKt::endsWith$default (15 bytes)
Event: 2635.387 Thread 0x000001e9f7f9e800 17321       1       org.gradle.api.internal.artifacts.configurations.DefaultConfiguration$WithResults::getCachedResolverResults (5 bytes)
Event: 2635.387 Thread 0x000001e9f7f9e800 nmethod 17321 0x000001e9ea3d3910 code [0x000001e9ea3d3ac0, 0x000001e9ea3d3b78]
Event: 2635.389 Thread 0x000001e9ffd6c800 nmethod 17305 0x000001e9ea3d3c10 code [0x000001e9ea3d3da0, 0x000001e9ea3d3ff8]
Event: 2635.389 Thread 0x000001e9ffd6c800 17320       4       org.gradle.internal.Actions$NullAction::execute (1 bytes)
Event: 2635.390 Thread 0x000001e9ffd6c800 nmethod 17320 0x000001e9ea3d4210 code [0x000001e9ea3d43a0, 0x000001e9ea3d43f8]
Event: 2635.390 Thread 0x000001e9ffd6c800 17322       4       java.util.TreeSet::add (22 bytes)
Event: 2635.391 Thread 0x000001e9ffd6c800 nmethod 17322 0x000001e9ea3d4510 code [0x000001e9ea3d46c0, 0x000001e9ea3d4788]
Event: 2635.391 Thread 0x000001e9ffd6c800 17303       4       com.google.common.primitives.Ints::saturatedCast (25 bytes)
Event: 2635.391 Thread 0x000001e9ffd6c800 nmethod 17303 0x000001e9ea3d4890 code [0x000001e9ea3d4a20, 0x000001e9ea3d4ab8]
Event: 2635.391 Thread 0x000001e9ffd6c800 17268       4       org.gradle.api.internal.tasks.compile.tooling.JavaCompileTaskSuccessResultPostProcessor::finished (56 bytes)
Event: 2635.391 Thread 0x000001e9f7f9e800 17323       3       org.gradle.internal.Describables$2::getDisplayName (8 bytes)
Event: 2635.392 Thread 0x000001e9f7f9e800 nmethod 17323 0x000001e9e4ad0d10 code [0x000001e9e4ad0f20, 0x000001e9e4ad1448]
Event: 2635.394 Thread 0x000001e9ffd6c800 nmethod 17268 0x000001e9ea3d4b90 code [0x000001e9ea3d4d60, 0x000001e9ea3d4f68]
Event: 2635.394 Thread 0x000001e9ffd6c800 17280       4       com.google.common.collect.AbstractIndexedListIterator::next (31 bytes)
Event: 2635.398 Thread 0x000001e9ffd6c800 nmethod 17280 0x000001e9ea3d5210 code [0x000001e9ea3d53c0, 0x000001e9ea3d5578]
Event: 2635.398 Thread 0x000001e9ffd6c800 17274       4       org.gradle.internal.ImmutableActionSet$EmptySet::execute (1 bytes)
Event: 2635.398 Thread 0x000001e9ffd6c800 nmethod 17274 0x000001e9ea3d5790 code [0x000001e9ea3d5920, 0x000001e9ea3d5978]
Event: 2635.400 Thread 0x000001e9f7f9e800 17324       3       com.android.build.api.artifact.impl.ArtifactsImpl::get (15 bytes)
Event: 2635.401 Thread 0x000001e9f7f9e800 nmethod 17324 0x000001e9e4ad1610 code [0x000001e9e4ad1900, 0x000001e9e4ad2598]

GC Heap History (20 events):
Event: 19.243 GC heap before
{Heap before GC invocations=19 (full 0):
 garbage-first heap   total 227328K, used 164231K [0x0000000080000000, 0x0000000100000000)
  region size 1024K, 97 young (99328K), 10 survivors (10240K)
 Metaspace       used 89361K, capacity 91481K, committed 91596K, reserved 1128448K
  class space    used 11477K, capacity 12274K, committed 12364K, reserved 1048576K
}
Event: 19.268 GC heap after
{Heap after GC invocations=20 (full 0):
 garbage-first heap   total 227328K, used 83429K [0x0000000080000000, 0x0000000100000000)
  region size 1024K, 13 young (13312K), 13 survivors (13312K)
 Metaspace       used 89361K, capacity 91481K, committed 91596K, reserved 1128448K
  class space    used 11477K, capacity 12274K, committed 12364K, reserved 1048576K
}
Event: 20.395 GC heap before
{Heap before GC invocations=20 (full 0):
 garbage-first heap   total 227328K, used 170469K [0x0000000080000000, 0x0000000100000000)
  region size 1024K, 99 young (101376K), 13 survivors (13312K)
 Metaspace       used 95500K, capacity 97679K, committed 97996K, reserved 1134592K
  class space    used 12248K, capacity 13056K, committed 13132K, reserved 1048576K
}
Event: 20.423 GC heap after
{Heap after GC invocations=21 (full 0):
 garbage-first heap   total 227328K, used 87910K [0x0000000080000000, 0x0000000100000000)
  region size 1024K, 11 young (11264K), 11 survivors (11264K)
 Metaspace       used 95500K, capacity 97679K, committed 97996K, reserved 1134592K
  class space    used 12248K, capacity 13056K, committed 13132K, reserved 1048576K
}
Event: 21.977 GC heap before
{Heap before GC invocations=21 (full 0):
 garbage-first heap   total 227328K, used 174950K [0x0000000080000000, 0x0000000100000000)
  region size 1024K, 97 young (99328K), 11 survivors (11264K)
 Metaspace       used 96603K, capacity 98820K, committed 99148K, reserved 1134592K
  class space    used 12352K, capacity 13178K, committed 13260K, reserved 1048576K
}
Event: 22.002 GC heap after
{Heap after GC invocations=22 (full 0):
 garbage-first heap   total 227328K, used 93457K [0x0000000080000000, 0x0000000100000000)
  region size 1024K, 10 young (10240K), 10 survivors (10240K)
 Metaspace       used 96603K, capacity 98820K, committed 99148K, reserved 1134592K
  class space    used 12352K, capacity 13178K, committed 13260K, reserved 1048576K
}
Event: 23.520 GC heap before
{Heap before GC invocations=22 (full 0):
 garbage-first heap   total 227328K, used 177425K [0x0000000080000000, 0x0000000100000000)
  region size 1024K, 90 young (92160K), 10 survivors (10240K)
 Metaspace       used 98586K, capacity 100830K, committed 100940K, reserved 1136640K
  class space    used 12608K, capacity 13465K, committed 13516K, reserved 1048576K
}
Event: 23.545 GC heap after
{Heap after GC invocations=23 (full 0):
 garbage-first heap   total 227328K, used 98040K [0x0000000080000000, 0x0000000100000000)
  region size 1024K, 10 young (10240K), 10 survivors (10240K)
 Metaspace       used 98586K, capacity 100830K, committed 100940K, reserved 1136640K
  class space    used 12608K, capacity 13465K, committed 13516K, reserved 1048576K
}
Event: 24.667 GC heap before
{Heap before GC invocations=24 (full 0):
 garbage-first heap   total 227328K, used 179960K [0x0000000080000000, 0x0000000100000000)
  region size 1024K, 91 young (93184K), 10 survivors (10240K)
 Metaspace       used 104919K, capacity 107360K, committed 107460K, reserved 1142784K
  class space    used 13484K, capacity 14440K, committed 14540K, reserved 1048576K
}
Event: 24.709 GC heap after
{Heap after GC invocations=25 (full 0):
 garbage-first heap   total 227328K, used 112292K [0x0000000080000000, 0x0000000100000000)
  region size 1024K, 12 young (12288K), 12 survivors (12288K)
 Metaspace       used 104919K, capacity 107360K, committed 107460K, reserved 1142784K
  class space    used 13484K, capacity 14440K, committed 14540K, reserved 1048576K
}
Event: 25.716 GC heap before
{Heap before GC invocations=26 (full 0):
 garbage-first heap   total 227328K, used 179876K [0x0000000080000000, 0x0000000100000000)
  region size 1024K, 79 young (80896K), 12 survivors (12288K)
 Metaspace       used 108852K, capacity 111460K, committed 111556K, reserved 1146880K
  class space    used 13985K, capacity 15036K, committed 15052K, reserved 1048576K
}
Event: 25.740 GC heap after
{Heap after GC invocations=27 (full 0):
 garbage-first heap   total 273408K, used 115618K [0x0000000080000000, 0x0000000100000000)
  region size 1024K, 3 young (3072K), 3 survivors (3072K)
 Metaspace       used 108852K, capacity 111460K, committed 111556K, reserved 1146880K
  class space    used 13985K, capacity 15036K, committed 15052K, reserved 1048576K
}
Event: 27.526 GC heap before
{Heap before GC invocations=27 (full 0):
 garbage-first heap   total 273408K, used 204706K [0x0000000080000000, 0x0000000100000000)
  region size 1024K, 88 young (90112K), 3 survivors (3072K)
 Metaspace       used 112259K, capacity 115085K, committed 115140K, reserved 1148928K
  class space    used 14442K, capacity 15552K, committed 15564K, reserved 1048576K
}
Event: 27.545 GC heap after
{Heap after GC invocations=28 (full 0):
 garbage-first heap   total 273408K, used 121890K [0x0000000080000000, 0x0000000100000000)
  region size 1024K, 10 young (10240K), 10 survivors (10240K)
 Metaspace       used 112259K, capacity 115085K, committed 115140K, reserved 1148928K
  class space    used 14442K, capacity 15552K, committed 15564K, reserved 1048576K
}
Event: 28.259 GC heap before
{Heap before GC invocations=28 (full 0):
 garbage-first heap   total 273408K, used 168994K [0x0000000080000000, 0x0000000100000000)
  region size 1024K, 47 young (48128K), 10 survivors (10240K)
 Metaspace       used 113989K, capacity 116872K, committed 116932K, reserved 1150976K
  class space    used 14634K, capacity 15800K, committed 15820K, reserved 1048576K
}
Event: 28.269 GC heap after
{Heap after GC invocations=29 (full 0):
 garbage-first heap   total 273408K, used 129077K [0x0000000080000000, 0x0000000100000000)
  region size 1024K, 4 young (4096K), 4 survivors (4096K)
 Metaspace       used 113989K, capacity 116872K, committed 116932K, reserved 1150976K
  class space    used 14634K, capacity 15800K, committed 15820K, reserved 1048576K
}
Event: 2482.894 GC heap before
{Heap before GC invocations=30 (full 0):
 garbage-first heap   total 273408K, used 227381K [0x0000000080000000, 0x0000000100000000)
  region size 1024K, 87 young (89088K), 4 survivors (4096K)
 Metaspace       used 118342K, capacity 121323K, committed 121412K, reserved 1155072K
  class space    used 14977K, capacity 16126K, committed 16204K, reserved 1048576K
}
Event: 2482.978 GC heap after
{Heap after GC invocations=31 (full 0):
 garbage-first heap   total 273408K, used 111241K [0x0000000080000000, 0x0000000100000000)
  region size 1024K, 4 young (4096K), 4 survivors (4096K)
 Metaspace       used 118342K, capacity 121323K, committed 121412K, reserved 1155072K
  class space    used 14977K, capacity 16126K, committed 16204K, reserved 1048576K
}
Event: 2633.843 GC heap before
{Heap before GC invocations=31 (full 0):
 garbage-first heap   total 273408K, used 119433K [0x0000000080000000, 0x0000000100000000)
  region size 1024K, 13 young (13312K), 4 survivors (4096K)
 Metaspace       used 118446K, capacity 121430K, committed 121668K, reserved 1155072K
  class space    used 14980K, capacity 16133K, committed 16204K, reserved 1048576K
}
Event: 2633.858 GC heap after
{Heap after GC invocations=32 (full 0):
 garbage-first heap   total 273408K, used 111327K [0x0000000080000000, 0x0000000100000000)
  region size 1024K, 2 young (2048K), 2 survivors (2048K)
 Metaspace       used 118446K, capacity 121430K, committed 121668K, reserved 1155072K
  class space    used 14980K, capacity 16133K, committed 16204K, reserved 1048576K
}

Deoptimization events (20 events):
Event: 2634.264 Thread 0x000001e9fdc07800 DEOPT PACKING pc=0x000001e9e9ec19e8 sp=0x00000087456fe3b0
Event: 2634.265 Thread 0x000001e9fdc07800 DEOPT UNPACKING pc=0x000001e9e1eda1af sp=0x00000087456fe308 mode 2
Event: 2634.270 Thread 0x000001e9fdc09000 Uncommon trap: trap_request=0xffffff4d fr.pc=0x000001e9e9c05858 relative=0x0000000000000498
Event: 2634.270 Thread 0x000001e9fdc09000 Uncommon trap: reason=unstable_if action=reinterpret pc=0x000001e9e9c05858 method=java.util.concurrent.ConcurrentLinkedQueue.poll()Ljava/lang/Object; @ 24 c2
Event: 2634.270 Thread 0x000001e9fdc09000 DEOPT PACKING pc=0x000001e9e9c05858 sp=0x00000087458fe030
Event: 2634.271 Thread 0x000001e9fdc09000 DEOPT UNPACKING pc=0x000001e9e1eda1af sp=0x00000087458fdff0 mode 2
Event: 2634.478 Thread 0x000001e9ffd62000 Uncommon trap: trap_request=0xffffffcc fr.pc=0x000001e9ea389ed4 relative=0x0000000000000314
Event: 2634.478 Thread 0x000001e9ffd62000 Uncommon trap: reason=intrinsic_or_type_checked_inlining action=make_not_entrant pc=0x000001e9ea389ed4 method=java.util.Arrays.copyOfRange([Ljava/lang/Object;IILjava/lang/Class;)[Ljava/lang/Object; @ 83 c2
Event: 2634.478 Thread 0x000001e9ffd62000 DEOPT PACKING pc=0x000001e9ea389ed4 sp=0x00000087443f8630
Event: 2634.479 Thread 0x000001e9ffd62000 DEOPT UNPACKING pc=0x000001e9e1eda1af sp=0x00000087443f85b0 mode 2
Event: 2634.780 Thread 0x000001e9ffd62000 DEOPT PACKING pc=0x000001e9e29ca916 sp=0x00000087443f75f0
Event: 2634.780 Thread 0x000001e9ffd62000 DEOPT UNPACKING pc=0x000001e9e1eda95e sp=0x00000087443f6b08 mode 0
Event: 2635.068 Thread 0x000001e9ffd62000 DEOPT PACKING pc=0x000001e9e3224f24 sp=0x00000087443f7ee0
Event: 2635.069 Thread 0x000001e9ffd62000 DEOPT UNPACKING pc=0x000001e9e1eda95e sp=0x00000087443f7400 mode 0
Event: 2635.084 Thread 0x000001e9ffd62000 DEOPT PACKING pc=0x000001e9e3224f24 sp=0x00000087443f7ee0
Event: 2635.084 Thread 0x000001e9ffd62000 DEOPT UNPACKING pc=0x000001e9e1eda95e sp=0x00000087443f7400 mode 0
Event: 2635.337 Thread 0x000001e9ffd62000 Uncommon trap: trap_request=0xffffff7e fr.pc=0x000001e9ea1663a8 relative=0x00000000000003e8
Event: 2635.337 Thread 0x000001e9ffd62000 Uncommon trap: reason=predicate action=maybe_recompile pc=0x000001e9ea1663a8 method=com.google.common.collect.Lists.indexOfRandomAccess(Ljava/util/List;Ljava/lang/Object;)I @ 43 c2
Event: 2635.337 Thread 0x000001e9ffd62000 DEOPT PACKING pc=0x000001e9ea1663a8 sp=0x00000087443f9920
Event: 2635.337 Thread 0x000001e9ffd62000 DEOPT UNPACKING pc=0x000001e9e1eda1af sp=0x00000087443f98b8 mode 2

Classes redefined (0 events):
No events

Internal exceptions (20 events):
Event: 27.872 Thread 0x000001e9ffb90800 Exception <a 'java/lang/NoSuchMethodError'{0x000000008fbddea0}: <clinit>> (0x000000008fbddea0) thrown at [./src/hotspot/share/prims/jni.cpp, line 1365]
Event: 27.874 Thread 0x000001e9ffb90800 Exception <a 'java/lang/NoSuchMethodError'{0x000000008fbf0878}: <clinit>> (0x000000008fbf0878) thrown at [./src/hotspot/share/prims/jni.cpp, line 1365]
Event: 27.924 Thread 0x000001e9ffd60800 Implicit null exception at 0x000001e9ea1cd656 to 0x000001e9ea1cdef4
Event: 27.952 Thread 0x000001e9ffd60800 Exception <a 'sun/nio/fs/WindowsException'{0x000000008f710600}> (0x000000008f710600) thrown at [./src/hotspot/share/prims/jni.cpp, line 615]
Event: 27.961 Thread 0x000001e9ffd60800 Implicit null exception at 0x000001e9e9f75870 to 0x000001e9e9f78010
Event: 28.028 Thread 0x000001e9ffd60800 Exception <a 'java/lang/NoSuchMethodError'{0x000000008f312390}: 'java.lang.Object java.lang.invoke.DirectMethodHandle$Holder.invokeStatic(java.lang.Object, java.lang.Object, java.lang.Object, java.lang.Object, java.lang.Object, int, java.lang.Object)'> (0x000000008f312390) thrown at [./src/hotspot/share/interpreter/linkResolver.cpp, line 773]
Event: 28.029 Thread 0x000001e9ffd60800 Exception <a 'java/lang/NoSuchMethodError'{0x000000008f319590}: 'java.lang.Object java.lang.invoke.Invokers$Holder.linkToTargetMethod(java.lang.Object, java.lang.Object, java.lang.Object, java.lang.Object, int, java.lang.Object, java.lang.Object)'> (0x000000008f319590) thrown at [./src/hotspot/share/interpreter/linkResolver.cpp, line 773]
Event: 28.083 Thread 0x000001e9ffd60800 Exception <a 'java/lang/NoSuchMethodError'{0x000000008f0fd650}: 'java.lang.Object java.lang.invoke.DirectMethodHandle$Holder.invokeStatic(java.lang.Object, java.lang.Object, java.lang.Object, java.lang.Object, java.lang.Object, java.lang.Object, java.lang.Object, int)'> (0x000000008f0fd650) thrown at [./src/hotspot/share/interpreter/linkResolver.cpp, line 773]
Event: 28.084 Thread 0x000001e9ffd60800 Exception <a 'java/lang/NoSuchMethodError'{0x000000008ef01f88}: 'java.lang.Object java.lang.invoke.DirectMethodHandle$Holder.invokeSpecial(java.lang.Object, java.lang.Object, java.lang.Object, java.lang.Object, java.lang.Object, java.lang.Object, java.lang.Object, java.lang.Object, int)'> (0x000000008ef01f88) thrown at [./src/hotspot/share/interpreter/linkResolver.cpp, line 773]
Event: 28.084 Thread 0x000001e9ffd60800 Exception <a 'java/lang/NoSuchMethodError'{0x000000008ef05d40}: 'java.lang.Object java.lang.invoke.Invokers$Holder.linkToTargetMethod(java.lang.Object, java.lang.Object, java.lang.Object, java.lang.Object, java.lang.Object, java.lang.Object, int, java.lang.Object)'> (0x000000008ef05d40) thrown at [./src/hotspot/share/interpreter/linkResolver.cpp, line 773]
Event: 28.687 Thread 0x000001e9ffd61000 Exception <a 'sun/nio/fs/WindowsException'{0x00000000905eac88}> (0x00000000905eac88) thrown at [./src/hotspot/share/prims/jni.cpp, line 615]
Event: 28.701 Thread 0x000001e9facf9800 Exception <a 'sun/nio/fs/WindowsException'{0x00000000904dfb98}> (0x00000000904dfb98) thrown at [./src/hotspot/share/prims/jni.cpp, line 615]
Event: 28.701 Thread 0x000001e9facf9800 Exception <a 'sun/nio/fs/WindowsException'{0x00000000904dfc18}> (0x00000000904dfc18) thrown at [./src/hotspot/share/prims/jni.cpp, line 615]
Event: 28.701 Thread 0x000001e9facf9800 Exception <a 'sun/nio/fs/WindowsException'{0x00000000904e1580}> (0x00000000904e1580) thrown at [./src/hotspot/share/prims/jni.cpp, line 615]
Event: 28.759 Thread 0x000001e9facf9800 Exception <a 'java/lang/NoSuchMethodError'{0x000000008ff318d8}: 'java.lang.Object java.lang.invoke.DirectMethodHandle$Holder.invokeSpecial(java.lang.Object, java.lang.Object, java.lang.Object, java.lang.Object, int, java.lang.Object, java.lang.Object)'> (0x000000008ff318d8) thrown at [./src/hotspot/share/interpreter/linkResolver.cpp, line 773]
Event: 28.855 Thread 0x000001e9facf9800 Implicit null exception at 0x000001e9ea22802f to 0x000001e9ea22807c
Event: 32.705 Thread 0x000001e9f9ea3800 Implicit null exception at 0x000001e9e9d77a14 to 0x000001e9e9d77ffc
Event: 32.706 Thread 0x000001e9f9ea3800 Implicit null exception at 0x000001e9e9d1b914 to 0x000001e9e9d1beec
Event: 2633.246 Thread 0x000001e9ffd62000 Implicit null exception at 0x000001e9e9f18045 to 0x000001e9e9f18349
Event: 2634.579 Thread 0x000001e9ffd62000 Exception <a 'sun/nio/fs/WindowsException'{0x000000008f52b8f8}> (0x000000008f52b8f8) thrown at [./src/hotspot/share/prims/jni.cpp, line 615]

Events (20 events):
Event: 2634.700 Executing VM operation: RevokeBias done
Event: 2634.706 Executing VM operation: RevokeBias
Event: 2634.706 Executing VM operation: RevokeBias done
Event: 2634.706 Executing VM operation: RevokeBias
Event: 2634.707 Executing VM operation: RevokeBias done
Event: 2634.710 Executing VM operation: RevokeBias
Event: 2634.710 Executing VM operation: RevokeBias done
Event: 2634.738 Thread 0x000001e9fa1b7000 Thread added: 0x000001e9fa1b7000
Event: 2634.739 Executing VM operation: RevokeBias
Event: 2634.740 Executing VM operation: RevokeBias done
Event: 2634.742 Executing VM operation: RevokeBias
Event: 2634.742 Executing VM operation: RevokeBias done
Event: 2635.123 Executing VM operation: RevokeBias
Event: 2635.123 Executing VM operation: RevokeBias done
Event: 2635.123 Executing VM operation: RevokeBias
Event: 2635.123 Executing VM operation: RevokeBias done
Event: 2635.135 Executing VM operation: RevokeBias
Event: 2635.135 Executing VM operation: RevokeBias done
Event: 2635.387 Executing VM operation: RevokeBias
Event: 2635.387 Executing VM operation: RevokeBias done


Dynamic libraries:
0x00007ff61af20000 - 0x00007ff61af2a000 	C:\Program Files\Android\Android Studio\jre\bin\java.exe
0x00007fffbdbb0000 - 0x00007fffbdda5000 	C:\WINDOWS\SYSTEM32\ntdll.dll
0x00007fff96bd0000 - 0x00007fff96be6000 	C:\Program Files\AVAST Software\Avast\aswhook.dll
0x00007fffbd4e0000 - 0x00007fffbd59d000 	C:\WINDOWS\System32\KERNEL32.DLL
0x00007fffbb6f0000 - 0x00007fffbb9bd000 	C:\WINDOWS\System32\KERNELBASE.dll
0x00007fffbbb00000 - 0x00007fffbbc00000 	C:\WINDOWS\System32\ucrtbase.dll
0x00007fffb3700000 - 0x00007fffb3717000 	C:\Program Files\Android\Android Studio\jre\bin\VCRUNTIME140.dll
0x00007fffb3790000 - 0x00007fffb37a9000 	C:\Program Files\Android\Android Studio\jre\bin\jli.dll
0x00007fffbc310000 - 0x00007fffbc4b0000 	C:\WINDOWS\System32\USER32.dll
0x00007fffbb650000 - 0x00007fffbb672000 	C:\WINDOWS\System32\win32u.dll
0x00007fffafd00000 - 0x00007fffaff9a000 	C:\WINDOWS\WinSxS\amd64_microsoft.windows.common-controls_6595b64144ccf1df_6.0.19041.1110_none_60b5254171f9507e\COMCTL32.dll
0x00007fffbc2e0000 - 0x00007fffbc30a000 	C:\WINDOWS\System32\GDI32.dll
0x00007fffbda20000 - 0x00007fffbdabe000 	C:\WINDOWS\System32\msvcrt.dll
0x00007fffbb9f0000 - 0x00007fffbbafb000 	C:\WINDOWS\System32\gdi32full.dll
0x00007fffbb3c0000 - 0x00007fffbb45d000 	C:\WINDOWS\System32\msvcp_win.dll
0x00007fffbc920000 - 0x00007fffbc950000 	C:\WINDOWS\System32\IMM32.DLL
0x00007fff7fbc0000 - 0x00007fff7fc5d000 	C:\Program Files\Android\Android Studio\jre\bin\msvcp140.dll
0x00007fff3bf10000 - 0x00007fff3c9f5000 	C:\Program Files\Android\Android Studio\jre\bin\server\jvm.dll
0x00007fffbc5a0000 - 0x00007fffbc64e000 	C:\WINDOWS\System32\ADVAPI32.dll
0x00007fffbdac0000 - 0x00007fffbdb5c000 	C:\WINDOWS\System32\sechost.dll
0x00007fffbc9b0000 - 0x00007fffbcad5000 	C:\WINDOWS\System32\RPCRT4.dll
0x00007fffbd230000 - 0x00007fffbd238000 	C:\WINDOWS\System32\PSAPI.DLL
0x00007fffafc20000 - 0x00007fffafc47000 	C:\WINDOWS\SYSTEM32\WINMM.dll
0x00007fffaac80000 - 0x00007fffaac89000 	C:\WINDOWS\SYSTEM32\WSOCK32.dll
0x00007fffb1910000 - 0x00007fffb191a000 	C:\WINDOWS\SYSTEM32\VERSION.dll
0x00007fffbbda0000 - 0x00007fffbbe0b000 	C:\WINDOWS\System32\WS2_32.dll
0x00007fffb9df0000 - 0x00007fffb9e02000 	C:\WINDOWS\SYSTEM32\kernel.appcore.dll
0x00007fffaabc0000 - 0x00007fffaabd1000 	C:\Program Files\Android\Android Studio\jre\bin\verify.dll
0x00007fffb9820000 - 0x00007fffb9a04000 	C:\WINDOWS\SYSTEM32\DBGHELP.DLL
0x00007fffb0a10000 - 0x00007fffb0a3c000 	C:\WINDOWS\SYSTEM32\dbgcore.DLL
0x00007fffbb460000 - 0x00007fffbb4e2000 	C:\WINDOWS\System32\bcryptPrimitives.dll
0x00007fffa5810000 - 0x00007fffa5839000 	C:\Program Files\Android\Android Studio\jre\bin\java.dll
0x00007fffa6df0000 - 0x00007fffa6dfb000 	C:\Program Files\Android\Android Studio\jre\bin\jimage.dll
0x00007fffa5720000 - 0x00007fffa5738000 	C:\Program Files\Android\Android Studio\jre\bin\zip.dll
0x00007fffbcae0000 - 0x00007fffbd224000 	C:\WINDOWS\System32\SHELL32.dll
0x00007fffb8fb0000 - 0x00007fffb9744000 	C:\WINDOWS\SYSTEM32\windows.storage.dll
0x00007fffbbe10000 - 0x00007fffbc164000 	C:\WINDOWS\System32\combase.dll
0x00007fffbad20000 - 0x00007fffbad4c000 	C:\WINDOWS\SYSTEM32\Wldp.dll
0x00007fffbc230000 - 0x00007fffbc2dd000 	C:\WINDOWS\System32\SHCORE.dll
0x00007fffbc950000 - 0x00007fffbc9a5000 	C:\WINDOWS\System32\shlwapi.dll
0x00007fffbb200000 - 0x00007fffbb21f000 	C:\WINDOWS\SYSTEM32\profapi.dll
0x00007fffa5700000 - 0x00007fffa571a000 	C:\Program Files\Android\Android Studio\jre\bin\net.dll
0x00007fffaaf40000 - 0x00007fffab04a000 	C:\WINDOWS\SYSTEM32\WINHTTP.dll
0x00007fffbaa80000 - 0x00007fffbaaea000 	C:\WINDOWS\system32\mswsock.dll
0x00007fffa4f00000 - 0x00007fffa4f14000 	C:\Program Files\Android\Android Studio\jre\bin\nio.dll
0x00007fffb4f50000 - 0x00007fffb4f77000 	C:\Users\salom\.gradle\native\e1d6ef7f7dcc3fd88c89a11ec53ec762bb8ba0a96d01ffa2cd45eb1d1d8dd5c5\windows-amd64\native-platform.dll
0x00007fffa4d40000 - 0x00007fffa4e84000 	C:\Users\salom\.gradle\native\5664cfc778a61ccfe75a443a1ab52a65af34e5dc3c78e0209fed803814484fcb\windows-amd64\native-platform-file-events.dll
0x00007fffa6190000 - 0x00007fffa619a000 	C:\Program Files\Android\Android Studio\jre\bin\management.dll
0x00007fffa31b0000 - 0x00007fffa31bd000 	C:\Program Files\Android\Android Studio\jre\bin\management_ext.dll
0x00007fffbac70000 - 0x00007fffbac88000 	C:\WINDOWS\SYSTEM32\CRYPTSP.dll
0x00007fffba390000 - 0x00007fffba3c4000 	C:\WINDOWS\system32\rsaenh.dll
0x00007fffbb9c0000 - 0x00007fffbb9e7000 	C:\WINDOWS\System32\bcrypt.dll
0x00007fffbb1c0000 - 0x00007fffbb1ee000 	C:\WINDOWS\SYSTEM32\USERENV.dll
0x00007fffbac90000 - 0x00007fffbac9c000 	C:\WINDOWS\SYSTEM32\CRYPTBASE.dll
0x00007fffba720000 - 0x00007fffba75b000 	C:\WINDOWS\SYSTEM32\IPHLPAPI.DLL
0x00007fffbdb60000 - 0x00007fffbdb68000 	C:\WINDOWS\System32\NSI.dll
0x00007fffb0db0000 - 0x00007fffb0dc7000 	C:\WINDOWS\SYSTEM32\dhcpcsvc6.DLL
0x00007fffb1da0000 - 0x00007fffb1dbd000 	C:\WINDOWS\SYSTEM32\dhcpcsvc.DLL
0x00007fffba760000 - 0x00007fffba82b000 	C:\WINDOWS\SYSTEM32\DNSAPI.dll
0x00007fffa1e10000 - 0x00007fffa1e37000 	C:\Program Files\Android\Android Studio\jre\bin\sunec.dll

dbghelp: loaded successfully - version: 4.0.5 - missing functions: none
symbol engine: initialized successfully - sym options: 0x614 - pdb path: .;C:\Program Files\Android\Android Studio\jre\bin;C:\WINDOWS\SYSTEM32;C:\Program Files\AVAST Software\Avast;C:\WINDOWS\WinSxS\amd64_microsoft.windows.common-controls_6595b64144ccf1df_6.0.19041.1110_none_60b5254171f9507e;C:\Program Files\Android\Android Studio\jre\bin\server;C:\Users\salom\.gradle\native\e1d6ef7f7dcc3fd88c89a11ec53ec762bb8ba0a96d01ffa2cd45eb1d1d8dd5c5\windows-amd64;C:\Users\salom\.gradle\native\5664cfc778a61ccfe75a443a1ab52a65af34e5dc3c78e0209fed803814484fcb\windows-amd64

VM Arguments:
jvm_args: --add-opens=java.base/java.util=ALL-UNNAMED --add-opens=java.base/java.lang=ALL-UNNAMED --add-opens=java.base/java.lang.invoke=ALL-UNNAMED --add-opens=java.base/java.util=ALL-UNNAMED --add-opens=java.prefs/java.util.prefs=ALL-UNNAMED --add-opens=java.prefs/java.util.prefs=ALL-UNNAMED --add-opens=java.base/java.nio.charset=ALL-UNNAMED --add-opens=java.base/java.net=ALL-UNNAMED --add-opens=java.base/java.util.concurrent.atomic=ALL-UNNAMED -Xmx2048m -Dfile.encoding=UTF-8 -Duser.country=US -Duser.language=en -Duser.variant 
java_command: org.gradle.launcher.daemon.bootstrap.GradleDaemon 7.3.3
java_class_path (initial): C:\Users\salom\.gradle\wrapper\dists\gradle-7.3.3-bin\6a41zxkdtcxs8rphpq6y0069z\gradle-7.3.3\lib\gradle-launcher-7.3.3.jar
Launcher Type: SUN_STANDARD

[Global flags]
     intx CICompilerCount                          = 3                                         {product} {ergonomic}
     uint ConcGCThreads                            = 1                                         {product} {ergonomic}
     uint G1ConcRefinementThreads                  = 4                                         {product} {ergonomic}
   size_t G1HeapRegionSize                         = 1048576                                   {product} {ergonomic}
    uintx GCDrainStackTargetSize                   = 64                                        {product} {ergonomic}
   size_t InitialHeapSize                          = 134217728                                 {product} {ergonomic}
   size_t MarkStackSize                            = 4194304                                   {product} {ergonomic}
   size_t MaxHeapSize                              = 2147483648                                {product} {command line}
   size_t MaxNewSize                               = 1287651328                                {product} {ergonomic}
   size_t MinHeapDeltaBytes                        = 1048576                                   {product} {ergonomic}
    uintx NonNMethodCodeHeapSize                   = 5830732                                {pd product} {ergonomic}
    uintx NonProfiledCodeHeapSize                  = 122913754                              {pd product} {ergonomic}
    uintx ProfiledCodeHeapSize                     = 122913754                              {pd product} {ergonomic}
    uintx ReservedCodeCacheSize                    = 251658240                              {pd product} {ergonomic}
     bool SegmentedCodeCache                       = true                                      {product} {ergonomic}
     bool UseCompressedClassPointers               = true                                 {lp64_product} {ergonomic}
     bool UseCompressedOops                        = true                                 {lp64_product} {ergonomic}
     bool UseG1GC                                  = true                                      {product} {ergonomic}
     bool UseLargePagesIndividualAllocation        = false                                  {pd product} {ergonomic}

Logging:
Log output configuration:
 #0: stdout all=warning uptime,level,tags
 #1: stderr all=off uptime,level,tags

Environment Variables:
JAVA_HOME=C:\Program Files\Java\jdk1.8.0_181
PATH=C:\Program Files (x86)\Common Files\Intel\Shared Libraries\redist\intel64_win\compiler;C:\Python27\;C:\Python27\Scripts;C:\ProgramData\Boxstarter;C:\Program Files (x86)\Common Files\Oracle\Java\javapath;C:\Windows\system32;C:\Windows;C:\Windows\System32\Wbem;C:\Windows\System32\WindowsPowerShell\v1.0\;C:\Windows\System32\OpenSSH\;C:\Program Files\Common Files\Autodesk Shared\;C:\Program Files\nodejs\;C:\ProgramData\chocolatey\bin;C:\Program Files\Microsoft SQL Server\Client SDK\ODBC\130\Tools\Binn\;C:\Program Files (x86)\Microsoft SQL Server\140\Tools\Binn\;C:\Program Files\Microsoft SQL Server\140\Tools\Binn\;C:\Program Files\Microsoft SQL Server\140\DTS\Binn\;C:\Program Files\dotnet\;C:\Program Files\Java\jdk1.8.0_181\BIN;C:\Users\nikan\AppData\Local\Android\Sdk\TOOLS;C:\Users\nikan\AppData\Local\Android\Sdk\platform-tools;C:\WINDOWS\system32;C:\WINDOWS;C:\WINDOWS\System32\Wbem;C:\WINDOWS\System32\WindowsPowerShell\v1.0\;C:\WINDOWS\System32\OpenSSH\;C:\Program Files\Microsoft SQL Server\Client SDK\ODBC\170\Tools\Binn\;C:\Program Files (x86)\Microsoft SQL Server\150\Tools\Binn\;C:\Program Files\Microsoft SQL Server\150\Tools\Binn\;C:\Program Files\Microsoft SQL Server\150\DTS\Binn\;C:\Program Files\Git\cmd;C:\Program Files (x86)\dotnet\;C:\Users\salom\AppData\Local\Microsoft\WindowsApps;;C:\Program Files\JetBrains\PyCharm Community Edition 2021.3.1\bin;;C:\Users\salom\.dotnet\tools
USERNAME=salom
OS=Windows_NT
PROCESSOR_IDENTIFIER=Intel64 Family 6 Model 142 Stepping 9, GenuineIntel



---------------  S Y S T E M  ---------------

OS: Windows 10 , 64 bit Build 19041 (10.0.19041.1706)
OS uptime: 12 days 15:55 hours

CPU:total 4 (initial active 4) (2 cores per cpu, 2 threads per core) family 6 model 142 stepping 9 microcode 0xb4, cmov, cx8, fxsr, mmx, sse, sse2, sse3, ssse3, sse4.1, sse4.2, popcnt, avx, avx2, aes, clmul, erms, 3dnowpref, lzcnt, ht, tsc, tscinvbit, bmi1, bmi2, adx, fma

Memory: 4k page, system-wide physical 8089M (331M free)
TotalPageFile size 15259M (AvailPageFile size 5M)
current process WorkingSet (physical memory assigned to process): 260M, peak: 594M
current process commit charge ("private bytes"): 617M, peak: 624M

vm_info: OpenJDK 64-Bit Server VM (11.0.12+7-b1504.28-7817840) for windows-amd64 JRE (11.0.12+7-b1504.28-7817840), built on Oct 13 2021 22:12:33 by "builder" with MS VC++ 14.0 (VS2015)

END.
